Determining if the pthread_create exist failed with the following output:
Change Dir: /home/cartermarcelo/ros-workspace/build/CMakeFiles/CMakeTmp

Run Build Command:"/usr/bin/make" "cmTC_94a2f/fast"
/usr/bin/make -f CMakeFiles/cmTC_94a2f.dir/build.make CMakeFiles/cmTC_94a2f.dir/build
make[1]: Entering directory '/home/cartermarcelo/ros-workspace/build/CMakeFiles/CMakeTmp'
Building C object CMakeFiles/cmTC_94a2f.dir/CheckSymbolExists.c.o
/usr/bin/cc    -o CMakeFiles/cmTC_94a2f.dir/CheckSymbolExists.c.o   -c /home/cartermarcelo/ros-workspace/build/CMakeFiles/CMakeTmp/CheckSymbolExists.c
Linking C executable cmTC_94a2f
/usr/bin/cmake -E cmake_link_script CMakeFiles/cmTC_94a2f.dir/link.txt --verbose=1
/usr/bin/cc      -rdynamic CMakeFiles/cmTC_94a2f.dir/CheckSymbolExists.c.o  -o cmTC_94a2f 
CMakeFiles/cmTC_94a2f.dir/CheckSymbolExists.c.o: In function `main':
CheckSymbolExists.c:(.text+0x1b): undefined reference to `pthread_create'
collect2: error: ld returned 1 exit status
CMakeFiles/cmTC_94a2f.dir/build.make:97: recipe for target 'cmTC_94a2f' failed
make[1]: *** [cmTC_94a2f] Error 1
make[1]: Leaving directory '/home/cartermarcelo/ros-workspace/build/CMakeFiles/CMakeTmp'
Makefile:126: recipe for target 'cmTC_94a2f/fast' failed
make: *** [cmTC_94a2f/fast] Error 2

File /home/cartermarcelo/ros-workspace/build/CMakeFiles/CMakeTmp/CheckSymbolExists.c:
/* */
#include <pthread.h>

int main(int argc, char** argv)
{
  (void)argv;
#ifndef pthread_create
  return ((int*)(&pthread_create))[argc];
#else
  (void)argc;
  return 0;
#endif
}

Determining if the function pthread_create exists in the pthreads failed with the following output:
Change Dir: /home/cartermarcelo/ros-workspace/build/CMakeFiles/CMakeTmp

Run Build Command:"/usr/bin/make" "cmTC_079cc/fast"
/usr/bin/make -f CMakeFiles/cmTC_079cc.dir/build.make CMakeFiles/cmTC_079cc.dir/build
make[1]: Entering directory '/home/cartermarcelo/ros-workspace/build/CMakeFiles/CMakeTmp'
Building C object CMakeFiles/cmTC_079cc.dir/CheckFunctionExists.c.o
/usr/bin/cc   -DCHECK_FUNCTION_EXISTS=pthread_create   -o CMakeFiles/cmTC_079cc.dir/CheckFunctionExists.c.o   -c /usr/share/cmake-3.10/Modules/CheckFunctionExists.c
Linking C executable cmTC_079cc
/usr/bin/cmake -E cmake_link_script CMakeFiles/cmTC_079cc.dir/link.txt --verbose=1
/usr/bin/cc  -DCHECK_FUNCTION_EXISTS=pthread_create    -rdynamic CMakeFiles/cmTC_079cc.dir/CheckFunctionExists.c.o  -o cmTC_079cc -lpthreads 
/usr/bin/ld: cannot find -lpthreads
collect2: error: ld returned 1 exit status
CMakeFiles/cmTC_079cc.dir/build.make:97: recipe for target 'cmTC_079cc' failed
make[1]: *** [cmTC_079cc] Error 1
make[1]: Leaving directory '/home/cartermarcelo/ros-workspace/build/CMakeFiles/CMakeTmp'
Makefile:126: recipe for target 'cmTC_079cc/fast' failed
make: *** [cmTC_079cc/fast] Error 2


Determining if the function trunc exists failed with the following output:
Change Dir: /home/cartermarcelo/ros-workspace/build/CMakeFiles/CMakeTmp

Run Build Command:"/usr/bin/make" "cmTC_89b52/fast"
/usr/bin/make -f CMakeFiles/cmTC_89b52.dir/build.make CMakeFiles/cmTC_89b52.dir/build
make[1]: Entering directory '/home/cartermarcelo/ros-workspace/build/CMakeFiles/CMakeTmp'
Building C object CMakeFiles/cmTC_89b52.dir/CheckFunctionExists.c.o
/usr/bin/cc   -DCHECK_FUNCTION_EXISTS=trunc   -o CMakeFiles/cmTC_89b52.dir/CheckFunctionExists.c.o   -c /usr/share/cmake-3.10/Modules/CheckFunctionExists.c
<command-line>:0:23: warning: conflicting types for built-in function ‘trunc’ [-Wbuiltin-declaration-mismatch]
/usr/share/cmake-3.10/Modules/CheckFunctionExists.c:7:3: note: in expansion of macro ‘CHECK_FUNCTION_EXISTS’
   CHECK_FUNCTION_EXISTS(void);
   ^~~~~~~~~~~~~~~~~~~~~
Linking C executable cmTC_89b52
/usr/bin/cmake -E cmake_link_script CMakeFiles/cmTC_89b52.dir/link.txt --verbose=1
/usr/bin/cc  -DCHECK_FUNCTION_EXISTS=trunc    -rdynamic CMakeFiles/cmTC_89b52.dir/CheckFunctionExists.c.o  -o cmTC_89b52 
CMakeFiles/cmTC_89b52.dir/CheckFunctionExists.c.o: In function `main':
CheckFunctionExists.c:(.text+0x10): undefined reference to `trunc'
collect2: error: ld returned 1 exit status
CMakeFiles/cmTC_89b52.dir/build.make:97: recipe for target 'cmTC_89b52' failed
make[1]: *** [cmTC_89b52] Error 1
make[1]: Leaving directory '/home/cartermarcelo/ros-workspace/build/CMakeFiles/CMakeTmp'
Makefile:126: recipe for target 'cmTC_89b52/fast' failed
make: *** [cmTC_89b52/fast] Error 2


