[  0%] Built target _rover_generate_messages_check_deps_GpsCoords
[  0%] Built target _rover_generate_messages_check_deps_DriveControls
[  0%] Built target std_msgs_generate_messages_py
[  0%] Built target _rover_generate_messages_check_deps_MotorState
[  0%] Built target _rover_generate_messages_check_deps_Vector3
[  0%] Built target rosgraph_msgs_generate_messages_nodejs
[  0%] Built target _rover_generate_messages_check_deps_SignalStatus
[  0%] Built target rosgraph_msgs_generate_messages_py
[  0%] Built target rosgraph_msgs_generate_messages_eus
[  0%] Built target std_msgs_generate_messages_eus
[  0%] Built target rosgraph_msgs_generate_messages_lisp
[  0%] Built target roscpp_generate_messages_py
[  0%] Built target roscpp_generate_messages_nodejs
[  0%] Built target roscpp_generate_messages_eus
[  0%] Built target roscpp_generate_messages_lisp
[  0%] Built target roscpp_generate_messages_cpp
[  0%] Built target std_msgs_generate_messages_cpp
[ 16%] Built target rover_generate_messages_eus
[ 16%] Built target std_msgs_generate_messages_nodejs
[ 16%] Built target std_msgs_generate_messages_lisp
[ 16%] Built target rosgraph_msgs_generate_messages_cpp
[ 21%] Built target hello
[ 37%] Built target rover_generate_messages_py
[ 51%] Built target rover_generate_messages_cpp
[ 64%] Built target rover_generate_messages_nodejs
[ 78%] Built target rover_generate_messages_lisp
[ 83%] Built target signal_service
[ 89%] Built target gps_service
[100%] Built target gps_sim
[100%] Built target gps_mock
[100%] Built target rover_generate_messages
