Linked: (/home/shivamdesai/Desktop/rover/ros-workspace/devel/.private/rover/include/rover/GpsCoords.h, /home/shivamdesai/Desktop/rover/ros-workspace/devel/include/rover/GpsCoords.h)
Linked: (/home/shivamdesai/Desktop/rover/ros-workspace/devel/.private/rover/include/rover/Vector3.h, /home/shivamdesai/Desktop/rover/ros-workspace/devel/include/rover/Vector3.h)
Linked: (/home/shivamdesai/Desktop/rover/ros-workspace/devel/.private/rover/include/rover/SignalStatus.h, /home/shivamdesai/Desktop/rover/ros-workspace/devel/include/rover/SignalStatus.h)
Linked: (/home/shivamdesai/Desktop/rover/ros-workspace/devel/.private/rover/include/rover/MotorState.h, /home/shivamdesai/Desktop/rover/ros-workspace/devel/include/rover/MotorState.h)
Linked: (/home/shivamdesai/Desktop/rover/ros-workspace/devel/.private/rover/include/rover/DriveControls.h, /home/shivamdesai/Desktop/rover/ros-workspace/devel/include/rover/DriveControls.h)
Linked: (/home/shivamdesai/Desktop/rover/ros-workspace/devel/.private/rover/share/rover/cmake/rover-msg-extras.cmake, /home/shivamdesai/Desktop/rover/ros-workspace/devel/share/rover/cmake/rover-msg-extras.cmake)
Linked: (/home/shivamdesai/Desktop/rover/ros-workspace/devel/.private/rover/share/rover/cmake/roverConfig-version.cmake, /home/shivamdesai/Desktop/rover/ros-workspace/devel/share/rover/cmake/roverConfig-version.cmake)
Linked: (/home/shivamdesai/Desktop/rover/ros-workspace/devel/.private/rover/share/rover/cmake/rover-msg-paths.cmake, /home/shivamdesai/Desktop/rover/ros-workspace/devel/share/rover/cmake/rover-msg-paths.cmake)
Linked: (/home/shivamdesai/Desktop/rover/ros-workspace/devel/.private/rover/share/rover/cmake/roverConfig.cmake, /home/shivamdesai/Desktop/rover/ros-workspace/devel/share/rover/cmake/roverConfig.cmake)
Linked: (/home/shivamdesai/Desktop/rover/ros-workspace/devel/.private/rover/share/gennodejs/ros/rover/_index.js, /home/shivamdesai/Desktop/rover/ros-workspace/devel/share/gennodejs/ros/rover/_index.js)
Linked: (/home/shivamdesai/Desktop/rover/ros-workspace/devel/.private/rover/share/gennodejs/ros/rover/msg/DriveControls.js, /home/shivamdesai/Desktop/rover/ros-workspace/devel/share/gennodejs/ros/rover/msg/DriveControls.js)
Linked: (/home/shivamdesai/Desktop/rover/ros-workspace/devel/.private/rover/share/gennodejs/ros/rover/msg/SignalStatus.js, /home/shivamdesai/Desktop/rover/ros-workspace/devel/share/gennodejs/ros/rover/msg/SignalStatus.js)
Linked: (/home/shivamdesai/Desktop/rover/ros-workspace/devel/.private/rover/share/gennodejs/ros/rover/msg/Vector3.js, /home/shivamdesai/Desktop/rover/ros-workspace/devel/share/gennodejs/ros/rover/msg/Vector3.js)
Linked: (/home/shivamdesai/Desktop/rover/ros-workspace/devel/.private/rover/share/gennodejs/ros/rover/msg/_index.js, /home/shivamdesai/Desktop/rover/ros-workspace/devel/share/gennodejs/ros/rover/msg/_index.js)
Linked: (/home/shivamdesai/Desktop/rover/ros-workspace/devel/.private/rover/share/gennodejs/ros/rover/msg/GpsCoords.js, /home/shivamdesai/Desktop/rover/ros-workspace/devel/share/gennodejs/ros/rover/msg/GpsCoords.js)
Linked: (/home/shivamdesai/Desktop/rover/ros-workspace/devel/.private/rover/share/gennodejs/ros/rover/msg/MotorState.js, /home/shivamdesai/Desktop/rover/ros-workspace/devel/share/gennodejs/ros/rover/msg/MotorState.js)
Linked: (/home/shivamdesai/Desktop/rover/ros-workspace/devel/.private/rover/share/common-lisp/ros/rover/msg/SignalStatus.lisp, /home/shivamdesai/Desktop/rover/ros-workspace/devel/share/common-lisp/ros/rover/msg/SignalStatus.lisp)
Linked: (/home/shivamdesai/Desktop/rover/ros-workspace/devel/.private/rover/share/common-lisp/ros/rover/msg/Vector3.lisp, /home/shivamdesai/Desktop/rover/ros-workspace/devel/share/common-lisp/ros/rover/msg/Vector3.lisp)
Linked: (/home/shivamdesai/Desktop/rover/ros-workspace/devel/.private/rover/share/common-lisp/ros/rover/msg/_package.lisp, /home/shivamdesai/Desktop/rover/ros-workspace/devel/share/common-lisp/ros/rover/msg/_package.lisp)
Linked: (/home/shivamdesai/Desktop/rover/ros-workspace/devel/.private/rover/share/common-lisp/ros/rover/msg/_package_SignalStatus.lisp, /home/shivamdesai/Desktop/rover/ros-workspace/devel/share/common-lisp/ros/rover/msg/_package_SignalStatus.lisp)
Linked: (/home/shivamdesai/Desktop/rover/ros-workspace/devel/.private/rover/share/common-lisp/ros/rover/msg/_package_GpsCoords.lisp, /home/shivamdesai/Desktop/rover/ros-workspace/devel/share/common-lisp/ros/rover/msg/_package_GpsCoords.lisp)
Linked: (/home/shivamdesai/Desktop/rover/ros-workspace/devel/.private/rover/share/common-lisp/ros/rover/msg/_package_DriveControls.lisp, /home/shivamdesai/Desktop/rover/ros-workspace/devel/share/common-lisp/ros/rover/msg/_package_DriveControls.lisp)
Linked: (/home/shivamdesai/Desktop/rover/ros-workspace/devel/.private/rover/share/common-lisp/ros/rover/msg/MotorState.lisp, /home/shivamdesai/Desktop/rover/ros-workspace/devel/share/common-lisp/ros/rover/msg/MotorState.lisp)
Linked: (/home/shivamdesai/Desktop/rover/ros-workspace/devel/.private/rover/share/common-lisp/ros/rover/msg/_package_MotorState.lisp, /home/shivamdesai/Desktop/rover/ros-workspace/devel/share/common-lisp/ros/rover/msg/_package_MotorState.lisp)
Linked: (/home/shivamdesai/Desktop/rover/ros-workspace/devel/.private/rover/share/common-lisp/ros/rover/msg/rover-msg.asd, /home/shivamdesai/Desktop/rover/ros-workspace/devel/share/common-lisp/ros/rover/msg/rover-msg.asd)
Linked: (/home/shivamdesai/Desktop/rover/ros-workspace/devel/.private/rover/share/common-lisp/ros/rover/msg/GpsCoords.lisp, /home/shivamdesai/Desktop/rover/ros-workspace/devel/share/common-lisp/ros/rover/msg/GpsCoords.lisp)
Linked: (/home/shivamdesai/Desktop/rover/ros-workspace/devel/.private/rover/share/common-lisp/ros/rover/msg/_package_Vector3.lisp, /home/shivamdesai/Desktop/rover/ros-workspace/devel/share/common-lisp/ros/rover/msg/_package_Vector3.lisp)
Linked: (/home/shivamdesai/Desktop/rover/ros-workspace/devel/.private/rover/share/common-lisp/ros/rover/msg/DriveControls.lisp, /home/shivamdesai/Desktop/rover/ros-workspace/devel/share/common-lisp/ros/rover/msg/DriveControls.lisp)
Linked: (/home/shivamdesai/Desktop/rover/ros-workspace/devel/.private/rover/share/roseus/ros/rover/manifest.l, /home/shivamdesai/Desktop/rover/ros-workspace/devel/share/roseus/ros/rover/manifest.l)
Linked: (/home/shivamdesai/Desktop/rover/ros-workspace/devel/.private/rover/share/roseus/ros/rover/msg/Vector3.l, /home/shivamdesai/Desktop/rover/ros-workspace/devel/share/roseus/ros/rover/msg/Vector3.l)
Linked: (/home/shivamdesai/Desktop/rover/ros-workspace/devel/.private/rover/share/roseus/ros/rover/msg/DriveControls.l, /home/shivamdesai/Desktop/rover/ros-workspace/devel/share/roseus/ros/rover/msg/DriveControls.l)
Linked: (/home/shivamdesai/Desktop/rover/ros-workspace/devel/.private/rover/share/roseus/ros/rover/msg/MotorState.l, /home/shivamdesai/Desktop/rover/ros-workspace/devel/share/roseus/ros/rover/msg/MotorState.l)
Linked: (/home/shivamdesai/Desktop/rover/ros-workspace/devel/.private/rover/share/roseus/ros/rover/msg/GpsCoords.l, /home/shivamdesai/Desktop/rover/ros-workspace/devel/share/roseus/ros/rover/msg/GpsCoords.l)
Linked: (/home/shivamdesai/Desktop/rover/ros-workspace/devel/.private/rover/share/roseus/ros/rover/msg/SignalStatus.l, /home/shivamdesai/Desktop/rover/ros-workspace/devel/share/roseus/ros/rover/msg/SignalStatus.l)
Linked: (/home/shivamdesai/Desktop/rover/ros-workspace/devel/.private/rover/lib/python2.7/dist-packages/rover/__init__.py, /home/shivamdesai/Desktop/rover/ros-workspace/devel/lib/python2.7/dist-packages/rover/__init__.py)
Linked: (/home/shivamdesai/Desktop/rover/ros-workspace/devel/.private/rover/lib/python2.7/dist-packages/rover/msg/_DriveControls.py, /home/shivamdesai/Desktop/rover/ros-workspace/devel/lib/python2.7/dist-packages/rover/msg/_DriveControls.py)
Linked: (/home/shivamdesai/Desktop/rover/ros-workspace/devel/.private/rover/lib/python2.7/dist-packages/rover/msg/__init__.py, /home/shivamdesai/Desktop/rover/ros-workspace/devel/lib/python2.7/dist-packages/rover/msg/__init__.py)
Linked: (/home/shivamdesai/Desktop/rover/ros-workspace/devel/.private/rover/lib/python2.7/dist-packages/rover/msg/_Vector3.py, /home/shivamdesai/Desktop/rover/ros-workspace/devel/lib/python2.7/dist-packages/rover/msg/_Vector3.py)
Linked: (/home/shivamdesai/Desktop/rover/ros-workspace/devel/.private/rover/lib/python2.7/dist-packages/rover/msg/_GpsCoords.py, /home/shivamdesai/Desktop/rover/ros-workspace/devel/lib/python2.7/dist-packages/rover/msg/_GpsCoords.py)
Linked: (/home/shivamdesai/Desktop/rover/ros-workspace/devel/.private/rover/lib/python2.7/dist-packages/rover/msg/_MotorState.py, /home/shivamdesai/Desktop/rover/ros-workspace/devel/lib/python2.7/dist-packages/rover/msg/_MotorState.py)
Linked: (/home/shivamdesai/Desktop/rover/ros-workspace/devel/.private/rover/lib/python2.7/dist-packages/rover/msg/_SignalStatus.py, /home/shivamdesai/Desktop/rover/ros-workspace/devel/lib/python2.7/dist-packages/rover/msg/_SignalStatus.py)
Linked: (/home/shivamdesai/Desktop/rover/ros-workspace/devel/.private/rover/lib/rover/gps_service, /home/shivamdesai/Desktop/rover/ros-workspace/devel/lib/rover/gps_service)
Linked: (/home/shivamdesai/Desktop/rover/ros-workspace/devel/.private/rover/lib/rover/gps_mock, /home/shivamdesai/Desktop/rover/ros-workspace/devel/lib/rover/gps_mock)
Linked: (/home/shivamdesai/Desktop/rover/ros-workspace/devel/.private/rover/lib/rover/signal_service, /home/shivamdesai/Desktop/rover/ros-workspace/devel/lib/rover/signal_service)
Linked: (/home/shivamdesai/Desktop/rover/ros-workspace/devel/.private/rover/lib/rover/gps_sim, /home/shivamdesai/Desktop/rover/ros-workspace/devel/lib/rover/gps_sim)
Linked: (/home/shivamdesai/Desktop/rover/ros-workspace/devel/.private/rover/lib/rover/hello, /home/shivamdesai/Desktop/rover/ros-workspace/devel/lib/rover/hello)
Linked: (/home/shivamdesai/Desktop/rover/ros-workspace/devel/.private/rover/lib/pkgconfig/rover.pc, /home/shivamdesai/Desktop/rover/ros-workspace/devel/lib/pkgconfig/rover.pc)
