Symlinking /home/shivamdesai/Desktop/rover/ros-workspace/devel/include/rover/GpsCoords.h
Symlinking /home/shivamdesai/Desktop/rover/ros-workspace/devel/include/rover/Vector3.h
Symlinking /home/shivamdesai/Desktop/rover/ros-workspace/devel/include/rover/SignalStatus.h
Symlinking /home/shivamdesai/Desktop/rover/ros-workspace/devel/include/rover/MotorState.h
Symlinking /home/shivamdesai/Desktop/rover/ros-workspace/devel/include/rover/DriveControls.h
Symlinking /home/shivamdesai/Desktop/rover/ros-workspace/devel/share/rover/cmake/rover-msg-extras.cmake
Symlinking /home/shivamdesai/Desktop/rover/ros-workspace/devel/share/rover/cmake/roverConfig-version.cmake
Symlinking /home/shivamdesai/Desktop/rover/ros-workspace/devel/share/rover/cmake/rover-msg-paths.cmake
Symlinking /home/shivamdesai/Desktop/rover/ros-workspace/devel/share/rover/cmake/roverConfig.cmake
Symlinking /home/shivamdesai/Desktop/rover/ros-workspace/devel/share/gennodejs/ros/rover/_index.js
Symlinking /home/shivamdesai/Desktop/rover/ros-workspace/devel/share/gennodejs/ros/rover/msg/DriveControls.js
Symlinking /home/shivamdesai/Desktop/rover/ros-workspace/devel/share/gennodejs/ros/rover/msg/SignalStatus.js
Symlinking /home/shivamdesai/Desktop/rover/ros-workspace/devel/share/gennodejs/ros/rover/msg/Vector3.js
Symlinking /home/shivamdesai/Desktop/rover/ros-workspace/devel/share/gennodejs/ros/rover/msg/_index.js
Symlinking /home/shivamdesai/Desktop/rover/ros-workspace/devel/share/gennodejs/ros/rover/msg/GpsCoords.js
Symlinking /home/shivamdesai/Desktop/rover/ros-workspace/devel/share/gennodejs/ros/rover/msg/MotorState.js
Symlinking /home/shivamdesai/Desktop/rover/ros-workspace/devel/share/common-lisp/ros/rover/msg/SignalStatus.lisp
Symlinking /home/shivamdesai/Desktop/rover/ros-workspace/devel/share/common-lisp/ros/rover/msg/Vector3.lisp
Symlinking /home/shivamdesai/Desktop/rover/ros-workspace/devel/share/common-lisp/ros/rover/msg/_package.lisp
Symlinking /home/shivamdesai/Desktop/rover/ros-workspace/devel/share/common-lisp/ros/rover/msg/_package_SignalStatus.lisp
Symlinking /home/shivamdesai/Desktop/rover/ros-workspace/devel/share/common-lisp/ros/rover/msg/_package_GpsCoords.lisp
Symlinking /home/shivamdesai/Desktop/rover/ros-workspace/devel/share/common-lisp/ros/rover/msg/_package_DriveControls.lisp
Symlinking /home/shivamdesai/Desktop/rover/ros-workspace/devel/share/common-lisp/ros/rover/msg/MotorState.lisp
Symlinking /home/shivamdesai/Desktop/rover/ros-workspace/devel/share/common-lisp/ros/rover/msg/_package_MotorState.lisp
Symlinking /home/shivamdesai/Desktop/rover/ros-workspace/devel/share/common-lisp/ros/rover/msg/rover-msg.asd
Symlinking /home/shivamdesai/Desktop/rover/ros-workspace/devel/share/common-lisp/ros/rover/msg/GpsCoords.lisp
Symlinking /home/shivamdesai/Desktop/rover/ros-workspace/devel/share/common-lisp/ros/rover/msg/_package_Vector3.lisp
Symlinking /home/shivamdesai/Desktop/rover/ros-workspace/devel/share/common-lisp/ros/rover/msg/DriveControls.lisp
Symlinking /home/shivamdesai/Desktop/rover/ros-workspace/devel/share/roseus/ros/rover/manifest.l
Symlinking /home/shivamdesai/Desktop/rover/ros-workspace/devel/share/roseus/ros/rover/msg/Vector3.l
Symlinking /home/shivamdesai/Desktop/rover/ros-workspace/devel/share/roseus/ros/rover/msg/DriveControls.l
Symlinking /home/shivamdesai/Desktop/rover/ros-workspace/devel/share/roseus/ros/rover/msg/MotorState.l
Symlinking /home/shivamdesai/Desktop/rover/ros-workspace/devel/share/roseus/ros/rover/msg/GpsCoords.l
Symlinking /home/shivamdesai/Desktop/rover/ros-workspace/devel/share/roseus/ros/rover/msg/SignalStatus.l
Symlinking /home/shivamdesai/Desktop/rover/ros-workspace/devel/lib/python2.7/dist-packages/rover/__init__.py
Symlinking /home/shivamdesai/Desktop/rover/ros-workspace/devel/lib/python2.7/dist-packages/rover/msg/_DriveControls.py
Symlinking /home/shivamdesai/Desktop/rover/ros-workspace/devel/lib/python2.7/dist-packages/rover/msg/__init__.py
Symlinking /home/shivamdesai/Desktop/rover/ros-workspace/devel/lib/python2.7/dist-packages/rover/msg/_Vector3.py
Symlinking /home/shivamdesai/Desktop/rover/ros-workspace/devel/lib/python2.7/dist-packages/rover/msg/_GpsCoords.py
Symlinking /home/shivamdesai/Desktop/rover/ros-workspace/devel/lib/python2.7/dist-packages/rover/msg/_MotorState.py
Symlinking /home/shivamdesai/Desktop/rover/ros-workspace/devel/lib/python2.7/dist-packages/rover/msg/_SignalStatus.py
Symlinking /home/shivamdesai/Desktop/rover/ros-workspace/devel/lib/rover/gps_service
Symlinking /home/shivamdesai/Desktop/rover/ros-workspace/devel/lib/rover/gps_mock
Symlinking /home/shivamdesai/Desktop/rover/ros-workspace/devel/lib/rover/signal_service
Symlinking /home/shivamdesai/Desktop/rover/ros-workspace/devel/lib/rover/gps_sim
Symlinking /home/shivamdesai/Desktop/rover/ros-workspace/devel/lib/rover/hello
Symlinking /home/shivamdesai/Desktop/rover/ros-workspace/devel/lib/pkgconfig/rover.pc
