[35m[1mScanning dependencies of target _rover_generate_messages_check_deps_GpsCoords[0m
[  0%] Built target _rover_generate_messages_check_deps_GpsCoords
[35m[1mScanning dependencies of target _rover_generate_messages_check_deps_DriveControls[0m
[  0%] Built target _rover_generate_messages_check_deps_DriveControls
[35m[1mScanning dependencies of target std_msgs_generate_messages_py[0m
[  0%] Built target std_msgs_generate_messages_py
[35m[1mScanning dependencies of target _rover_generate_messages_check_deps_MotorState[0m
[  0%] Built target _rover_generate_messages_check_deps_MotorState
[35m[1mScanning dependencies of target _rover_generate_messages_check_deps_Vector3[0m
[  0%] Built target _rover_generate_messages_check_deps_Vector3
[35m[1mScanning dependencies of target _rover_generate_messages_check_deps_SignalStatus[0m
[  0%] Built target _rover_generate_messages_check_deps_SignalStatus
[35m[1mScanning dependencies of target rosgraph_msgs_generate_messages_nodejs[0m
[  0%] Built target rosgraph_msgs_generate_messages_nodejs
[35m[1mScanning dependencies of target rosgraph_msgs_generate_messages_py[0m
[  0%] Built target rosgraph_msgs_generate_messages_py
[35m[1mScanning dependencies of target std_msgs_generate_messages_eus[0m
[  0%] Built target std_msgs_generate_messages_eus
[35m[1mScanning dependencies of target rosgraph_msgs_generate_messages_eus[0m
[  0%] Built target rosgraph_msgs_generate_messages_eus
[35m[1mScanning dependencies of target rosgraph_msgs_generate_messages_lisp[0m
[  0%] Built target rosgraph_msgs_generate_messages_lisp
[35m[1mScanning dependencies of target roscpp_generate_messages_py[0m
[  0%] Built target roscpp_generate_messages_py
[35m[1mScanning dependencies of target roscpp_generate_messages_nodejs[0m
[  0%] Built target roscpp_generate_messages_nodejs
[35m[1mScanning dependencies of target roscpp_generate_messages_eus[0m
[  0%] Built target roscpp_generate_messages_eus
[35m[1mScanning dependencies of target roscpp_generate_messages_lisp[0m
[  0%] Built target roscpp_generate_messages_lisp
[35m[1mScanning dependencies of target roscpp_generate_messages_cpp[0m
[  0%] Built target roscpp_generate_messages_cpp
[35m[1mScanning dependencies of target std_msgs_generate_messages_cpp[0m
[  0%] Built target std_msgs_generate_messages_cpp
[35m[1mScanning dependencies of target rover_generate_messages_eus[0m
[  2%] [34m[1mGenerating EusLisp code from rover/MotorState.msg[0m
[  5%] [34m[1mGenerating EusLisp code from rover/Vector3.msg[0m
[  8%] [34m[1mGenerating EusLisp code from rover/DriveControls.msg[0m
[ 10%] [34m[1mGenerating EusLisp code from rover/SignalStatus.msg[0m
[ 13%] [34m[1mGenerating EusLisp code from rover/GpsCoords.msg[0m
[ 16%] [34m[1mGenerating EusLisp manifest code for rover[0m
[ 16%] Built target rover_generate_messages_eus
[35m[1mScanning dependencies of target rover_generate_messages_cpp[0m
[ 18%] [34m[1mGenerating C++ code from rover/MotorState.msg[0m
[ 21%] [34m[1mGenerating C++ code from rover/Vector3.msg[0m
[ 24%] [34m[1mGenerating C++ code from rover/DriveControls.msg[0m
[ 27%] [34m[1mGenerating C++ code from rover/SignalStatus.msg[0m
[ 29%] [34m[1mGenerating C++ code from rover/GpsCoords.msg[0m
[ 29%] Built target rover_generate_messages_cpp
[35m[1mScanning dependencies of target std_msgs_generate_messages_nodejs[0m
[ 29%] Built target std_msgs_generate_messages_nodejs
[35m[1mScanning dependencies of target std_msgs_generate_messages_lisp[0m
[ 29%] Built target std_msgs_generate_messages_lisp
[35m[1mScanning dependencies of target rosgraph_msgs_generate_messages_cpp[0m
[ 29%] Built target rosgraph_msgs_generate_messages_cpp
[35m[1mScanning dependencies of target rover_generate_messages_lisp[0m
[ 32%] [34m[1mGenerating Lisp code from rover/MotorState.msg[0m
[ 35%] [34m[1mGenerating Lisp code from rover/Vector3.msg[0m
[35m[1mScanning dependencies of target hello[0m
[ 37%] [32mBuilding CXX object CMakeFiles/hello.dir/tutorial/Hello.cpp.o[0m
[ 40%] [34m[1mGenerating Lisp code from rover/DriveControls.msg[0m
[ 43%] [34m[1mGenerating Lisp code from rover/SignalStatus.msg[0m
[ 45%] [34m[1mGenerating Lisp code from rover/GpsCoords.msg[0m
[ 45%] Built target rover_generate_messages_lisp
[35m[1mScanning dependencies of target rover_generate_messages_py[0m
[ 48%] [34m[1mGenerating Python from MSG rover/MotorState[0m
[ 51%] [34m[1mGenerating Python from MSG rover/Vector3[0m
[ 54%] [34m[1mGenerating Python from MSG rover/DriveControls[0m
[ 56%] [34m[1mGenerating Python from MSG rover/SignalStatus[0m
[ 59%] [34m[1mGenerating Python from MSG rover/GpsCoords[0m
[ 62%] [34m[1mGenerating Python msg __init__.py for rover[0m
[ 62%] Built target rover_generate_messages_py
[35m[1mScanning dependencies of target rover_generate_messages_nodejs[0m
[ 64%] [34m[1mGenerating Javascript code from rover/MotorState.msg[0m
[ 67%] [34m[1mGenerating Javascript code from rover/Vector3.msg[0m
[ 70%] [34m[1mGenerating Javascript code from rover/DriveControls.msg[0m
[ 72%] [34m[1mGenerating Javascript code from rover/SignalStatus.msg[0m
[ 75%] [34m[1mGenerating Javascript code from rover/GpsCoords.msg[0m
[ 75%] Built target rover_generate_messages_nodejs
[35m[1mScanning dependencies of target gps_service[0m
[ 78%] [32mBuilding CXX object CMakeFiles/gps_service.dir/vehicle/GpsLocationService.cpp.o[0m
[ 81%] [32m[1mLinking CXX executable /home/shivamdesai/Desktop/rover/ros-workspace/devel/.private/rover/lib/rover/hello[0m
[ 81%] Built target hello
[35m[1mScanning dependencies of target signal_service[0m
[ 83%] [32mBuilding CXX object CMakeFiles/signal_service.dir/station/SignalStrengthService.cpp.o[0m
[01m[K/home/shivamdesai/Desktop/rover/ros-workspace/src/rover/station/SignalStrengthService.cpp:[m[K In function ‘[01m[Kint main(int, char**)[m[K’:
[01m[K/home/shivamdesai/Desktop/rover/ros-workspace/src/rover/station/SignalStrengthService.cpp:57:13:[m[K [01;35m[Kwarning: [m[KISO C++ forbids converting a string constant to ‘[01m[Kchar*[m[K’ [[01;35m[K-Wwrite-strings[m[K]
  password = [01;35m[K"ssrt"[m[K;
             [01;35m[K^~~~~~[m[K
[01m[K/home/shivamdesai/Desktop/rover/ros-workspace/src/rover/station/SignalStrengthService.cpp:[m[K In function ‘[01m[Kint verify_knownhost(ssh_session)[m[K’:
[01m[K/home/shivamdesai/Desktop/rover/ros-workspace/src/rover/station/SignalStrengthService.cpp:164:44:[m[K [01;35m[Kwarning: [m[K‘[01m[Kint ssh_get_pubkey_hash(ssh_session, unsigned char**)[m[K’ is deprecated [[01;35m[K-Wdeprecated-declarations[m[K]
   hlen = ssh_get_pubkey_hash(session, &hash[01;35m[K)[m[K;
                                            [01;35m[K^[m[K
In file included from [01m[K/home/shivamdesai/Desktop/rover/ros-workspace/src/rover/station/SignalStrengthService.cpp:4:0[m[K:
[01m[K/usr/include/libssh/libssh.h:485:31:[m[K [01;36m[Knote: [m[Kdeclared here
 SSH_DEPRECATED LIBSSH_API int [01;36m[Kssh_get_pubkey_hash[m[K(ssh_session session, unsigned char **hash);
                               [01;36m[K^~~~~~~~~~~~~~~~~~~[m[K
[ 86%] [32m[1mLinking CXX executable /home/shivamdesai/Desktop/rover/ros-workspace/devel/.private/rover/lib/rover/gps_service[0m
[ 86%] Built target gps_service
[35m[1mScanning dependencies of target gps_sim[0m
[ 89%] [32mBuilding CXX object CMakeFiles/gps_sim.dir/sim/SimGps.cpp.o[0m
[ 91%] [32m[1mLinking CXX executable /home/shivamdesai/Desktop/rover/ros-workspace/devel/.private/rover/lib/rover/signal_service[0m
[ 91%] Built target signal_service
[35m[1mScanning dependencies of target gps_mock[0m
[ 94%] [32mBuilding CXX object CMakeFiles/gps_mock.dir/mocks/MockGps.cpp.o[0m
[ 97%] [32m[1mLinking CXX executable /home/shivamdesai/Desktop/rover/ros-workspace/devel/.private/rover/lib/rover/gps_sim[0m
[100%] [32m[1mLinking CXX executable /home/shivamdesai/Desktop/rover/ros-workspace/devel/.private/rover/lib/rover/gps_mock[0m
[100%] Built target gps_sim
[100%] Built target gps_mock
[35m[1mScanning dependencies of target rover_generate_messages[0m
[100%] Built target rover_generate_messages
