Symlinking /home/shivamdesai/Desktop/rover/ros-workspace/devel/include/ublox_msgs/NavVELNED.h
Symlinking /home/shivamdesai/Desktop/rover/ros-workspace/devel/include/ublox_msgs/EsfSTATUS.h
Symlinking /home/shivamdesai/Desktop/rover/ros-workspace/devel/include/ublox_msgs/RxmSVSI.h
Symlinking /home/shivamdesai/Desktop/rover/ros-workspace/devel/include/ublox_msgs/UpdSOS.h
Symlinking /home/shivamdesai/Desktop/rover/ros-workspace/devel/include/ublox_msgs/NavDGPS_SV.h
Symlinking /home/shivamdesai/Desktop/rover/ros-workspace/devel/include/ublox_msgs/EsfSTATUS_Sens.h
Symlinking /home/shivamdesai/Desktop/rover/ros-workspace/devel/include/ublox_msgs/CfgNMEA6.h
Symlinking /home/shivamdesai/Desktop/rover/ros-workspace/devel/include/ublox_msgs/NavSTATUS.h
Symlinking /home/shivamdesai/Desktop/rover/ros-workspace/devel/include/ublox_msgs/CfgGNSS.h
Symlinking /home/shivamdesai/Desktop/rover/ros-workspace/devel/include/ublox_msgs/UpdSOS_Ack.h
Symlinking /home/shivamdesai/Desktop/rover/ros-workspace/devel/include/ublox_msgs/EsfINS.h
Symlinking /home/shivamdesai/Desktop/rover/ros-workspace/devel/include/ublox_msgs/CfgINF_Block.h
Symlinking /home/shivamdesai/Desktop/rover/ros-workspace/devel/include/ublox_msgs/NavVELECEF.h
Symlinking /home/shivamdesai/Desktop/rover/ros-workspace/devel/include/ublox_msgs/CfgNMEA7.h
Symlinking /home/shivamdesai/Desktop/rover/ros-workspace/devel/include/ublox_msgs/Inf.h
Symlinking /home/shivamdesai/Desktop/rover/ros-workspace/devel/include/ublox_msgs/HnrPVT.h
Symlinking /home/shivamdesai/Desktop/rover/ros-workspace/devel/include/ublox_msgs/NavHPPOSECEF.h
Symlinking /home/shivamdesai/Desktop/rover/ros-workspace/devel/include/ublox_msgs/CfgNAVX5.h
Symlinking /home/shivamdesai/Desktop/rover/ros-workspace/devel/include/ublox_msgs/EsfRAW.h
Symlinking /home/shivamdesai/Desktop/rover/ros-workspace/devel/include/ublox_msgs/RxmRTCM.h
Symlinking /home/shivamdesai/Desktop/rover/ros-workspace/devel/include/ublox_msgs/CfgPRT.h
Symlinking /home/shivamdesai/Desktop/rover/ros-workspace/devel/include/ublox_msgs/EsfMEAS.h
Symlinking /home/shivamdesai/Desktop/rover/ros-workspace/devel/include/ublox_msgs/RxmRAWX.h
Symlinking /home/shivamdesai/Desktop/rover/ros-workspace/devel/include/ublox_msgs/CfgSBAS.h
Symlinking /home/shivamdesai/Desktop/rover/ros-workspace/devel/include/ublox_msgs/AidALM.h
Symlinking /home/shivamdesai/Desktop/rover/ros-workspace/devel/include/ublox_msgs/CfgNAV5.h
Symlinking /home/shivamdesai/Desktop/rover/ros-workspace/devel/include/ublox_msgs/RxmSFRBX.h
Symlinking /home/shivamdesai/Desktop/rover/ros-workspace/devel/include/ublox_msgs/CfgINF.h
Symlinking /home/shivamdesai/Desktop/rover/ros-workspace/devel/include/ublox_msgs/NavSBAS_SV.h
Symlinking /home/shivamdesai/Desktop/rover/ros-workspace/devel/include/ublox_msgs/CfgHNR.h
Symlinking /home/shivamdesai/Desktop/rover/ros-workspace/devel/include/ublox_msgs/NavRELPOSNED.h
Symlinking /home/shivamdesai/Desktop/rover/ros-workspace/devel/include/ublox_msgs/MonVER_Extension.h
Symlinking /home/shivamdesai/Desktop/rover/ros-workspace/devel/include/ublox_msgs/NavPVT7.h
Symlinking /home/shivamdesai/Desktop/rover/ros-workspace/devel/include/ublox_msgs/NavPOSECEF.h
Symlinking /home/shivamdesai/Desktop/rover/ros-workspace/devel/include/ublox_msgs/CfgDGNSS.h
Symlinking /home/shivamdesai/Desktop/rover/ros-workspace/devel/include/ublox_msgs/NavTIMEGPS.h
Symlinking /home/shivamdesai/Desktop/rover/ros-workspace/devel/include/ublox_msgs/NavSAT.h
Symlinking /home/shivamdesai/Desktop/rover/ros-workspace/devel/include/ublox_msgs/CfgRST.h
Symlinking /home/shivamdesai/Desktop/rover/ros-workspace/devel/include/ublox_msgs/MonGNSS.h
Symlinking /home/shivamdesai/Desktop/rover/ros-workspace/devel/include/ublox_msgs/NavHPPOSLLH.h
Symlinking /home/shivamdesai/Desktop/rover/ros-workspace/devel/include/ublox_msgs/CfgNMEA.h
Symlinking /home/shivamdesai/Desktop/rover/ros-workspace/devel/include/ublox_msgs/NavSVINFO.h
Symlinking /home/shivamdesai/Desktop/rover/ros-workspace/devel/include/ublox_msgs/AidEPH.h
Symlinking /home/shivamdesai/Desktop/rover/ros-workspace/devel/include/ublox_msgs/NavATT.h
Symlinking /home/shivamdesai/Desktop/rover/ros-workspace/devel/include/ublox_msgs/CfgUSB.h
Symlinking /home/shivamdesai/Desktop/rover/ros-workspace/devel/include/ublox_msgs/RxmSVSI_SV.h
Symlinking /home/shivamdesai/Desktop/rover/ros-workspace/devel/include/ublox_msgs/MgaGAL.h
Symlinking /home/shivamdesai/Desktop/rover/ros-workspace/devel/include/ublox_msgs/CfgANT.h
Symlinking /home/shivamdesai/Desktop/rover/ros-workspace/devel/include/ublox_msgs/NavSAT_SV.h
Symlinking /home/shivamdesai/Desktop/rover/ros-workspace/devel/include/ublox_msgs/RxmRAW_SV.h
Symlinking /home/shivamdesai/Desktop/rover/ros-workspace/devel/include/ublox_msgs/CfgMSG.h
Symlinking /home/shivamdesai/Desktop/rover/ros-workspace/devel/include/ublox_msgs/MonVER.h
Symlinking /home/shivamdesai/Desktop/rover/ros-workspace/devel/include/ublox_msgs/NavRELPOSNED9.h
Symlinking /home/shivamdesai/Desktop/rover/ros-workspace/devel/include/ublox_msgs/CfgDAT.h
Symlinking /home/shivamdesai/Desktop/rover/ros-workspace/devel/include/ublox_msgs/NavPVT.h
Symlinking /home/shivamdesai/Desktop/rover/ros-workspace/devel/include/ublox_msgs/NavSOL.h
Symlinking /home/shivamdesai/Desktop/rover/ros-workspace/devel/include/ublox_msgs/RxmEPH.h
Symlinking /home/shivamdesai/Desktop/rover/ros-workspace/devel/include/ublox_msgs/NavTIMEUTC.h
Symlinking /home/shivamdesai/Desktop/rover/ros-workspace/devel/include/ublox_msgs/CfgRATE.h
Symlinking /home/shivamdesai/Desktop/rover/ros-workspace/devel/include/ublox_msgs/RxmRAW.h
Symlinking /home/shivamdesai/Desktop/rover/ros-workspace/devel/include/ublox_msgs/RxmSFRB.h
Symlinking /home/shivamdesai/Desktop/rover/ros-workspace/devel/include/ublox_msgs/AidHUI.h
Symlinking /home/shivamdesai/Desktop/rover/ros-workspace/devel/include/ublox_msgs/CfgCFG.h
Symlinking /home/shivamdesai/Desktop/rover/ros-workspace/devel/include/ublox_msgs/TimTM2.h
Symlinking /home/shivamdesai/Desktop/rover/ros-workspace/devel/include/ublox_msgs/NavPOSLLH.h
Symlinking /home/shivamdesai/Desktop/rover/ros-workspace/devel/include/ublox_msgs/NavSVINFO_SV.h
Symlinking /home/shivamdesai/Desktop/rover/ros-workspace/devel/include/ublox_msgs/RxmALM.h
Symlinking /home/shivamdesai/Desktop/rover/ros-workspace/devel/include/ublox_msgs/CfgTMODE3.h
Symlinking /home/shivamdesai/Desktop/rover/ros-workspace/devel/include/ublox_msgs/NavSVIN.h
Symlinking /home/shivamdesai/Desktop/rover/ros-workspace/devel/include/ublox_msgs/RxmRAWX_Meas.h
Symlinking /home/shivamdesai/Desktop/rover/ros-workspace/devel/include/ublox_msgs/NavCLOCK.h
Symlinking /home/shivamdesai/Desktop/rover/ros-workspace/devel/include/ublox_msgs/NavSBAS.h
Symlinking /home/shivamdesai/Desktop/rover/ros-workspace/devel/include/ublox_msgs/NavDOP.h
Symlinking /home/shivamdesai/Desktop/rover/ros-workspace/devel/include/ublox_msgs/CfgGNSS_Block.h
Symlinking /home/shivamdesai/Desktop/rover/ros-workspace/devel/include/ublox_msgs/MonHW.h
Symlinking /home/shivamdesai/Desktop/rover/ros-workspace/devel/include/ublox_msgs/MonHW6.h
Symlinking /home/shivamdesai/Desktop/rover/ros-workspace/devel/include/ublox_msgs/NavDGPS.h
Symlinking /home/shivamdesai/Desktop/rover/ros-workspace/devel/include/ublox_msgs/EsfRAW_Block.h
Symlinking /home/shivamdesai/Desktop/rover/ros-workspace/devel/include/ublox_msgs/Ack.h
Symlinking /home/shivamdesai/Desktop/rover/ros-workspace/devel/share/ublox_msgs/cmake/ublox_msgs-msg-extras.cmake
Symlinking /home/shivamdesai/Desktop/rover/ros-workspace/devel/share/ublox_msgs/cmake/ublox_msgsConfig-version.cmake
Symlinking /home/shivamdesai/Desktop/rover/ros-workspace/devel/share/ublox_msgs/cmake/ublox_msgs-msg-paths.cmake
Symlinking /home/shivamdesai/Desktop/rover/ros-workspace/devel/share/ublox_msgs/cmake/ublox_msgsConfig.cmake
Symlinking /home/shivamdesai/Desktop/rover/ros-workspace/devel/share/gennodejs/ros/ublox_msgs/_index.js
Symlinking /home/shivamdesai/Desktop/rover/ros-workspace/devel/share/gennodejs/ros/ublox_msgs/msg/NavTIMEGPS.js
Symlinking /home/shivamdesai/Desktop/rover/ros-workspace/devel/share/gennodejs/ros/ublox_msgs/msg/UpdSOS_Ack.js
Symlinking /home/shivamdesai/Desktop/rover/ros-workspace/devel/share/gennodejs/ros/ublox_msgs/msg/RxmRAWX_Meas.js
Symlinking /home/shivamdesai/Desktop/rover/ros-workspace/devel/share/gennodejs/ros/ublox_msgs/msg/NavVELECEF.js
Symlinking /home/shivamdesai/Desktop/rover/ros-workspace/devel/share/gennodejs/ros/ublox_msgs/msg/CfgDGNSS.js
Symlinking /home/shivamdesai/Desktop/rover/ros-workspace/devel/share/gennodejs/ros/ublox_msgs/msg/AidEPH.js
Symlinking /home/shivamdesai/Desktop/rover/ros-workspace/devel/share/gennodejs/ros/ublox_msgs/msg/CfgRATE.js
Symlinking /home/shivamdesai/Desktop/rover/ros-workspace/devel/share/gennodejs/ros/ublox_msgs/msg/AidHUI.js
Symlinking /home/shivamdesai/Desktop/rover/ros-workspace/devel/share/gennodejs/ros/ublox_msgs/msg/NavTIMEUTC.js
Symlinking /home/shivamdesai/Desktop/rover/ros-workspace/devel/share/gennodejs/ros/ublox_msgs/msg/EsfRAW.js
Symlinking /home/shivamdesai/Desktop/rover/ros-workspace/devel/share/gennodejs/ros/ublox_msgs/msg/NavHPPOSECEF.js
Symlinking /home/shivamdesai/Desktop/rover/ros-workspace/devel/share/gennodejs/ros/ublox_msgs/msg/CfgUSB.js
Symlinking /home/shivamdesai/Desktop/rover/ros-workspace/devel/share/gennodejs/ros/ublox_msgs/msg/MonGNSS.js
Symlinking /home/shivamdesai/Desktop/rover/ros-workspace/devel/share/gennodejs/ros/ublox_msgs/msg/RxmALM.js
Symlinking /home/shivamdesai/Desktop/rover/ros-workspace/devel/share/gennodejs/ros/ublox_msgs/msg/CfgINF.js
Symlinking /home/shivamdesai/Desktop/rover/ros-workspace/devel/share/gennodejs/ros/ublox_msgs/msg/EsfSTATUS_Sens.js
Symlinking /home/shivamdesai/Desktop/rover/ros-workspace/devel/share/gennodejs/ros/ublox_msgs/msg/NavPOSLLH.js
Symlinking /home/shivamdesai/Desktop/rover/ros-workspace/devel/share/gennodejs/ros/ublox_msgs/msg/CfgANT.js
Symlinking /home/shivamdesai/Desktop/rover/ros-workspace/devel/share/gennodejs/ros/ublox_msgs/msg/NavRELPOSNED9.js
Symlinking /home/shivamdesai/Desktop/rover/ros-workspace/devel/share/gennodejs/ros/ublox_msgs/msg/CfgMSG.js
Symlinking /home/shivamdesai/Desktop/rover/ros-workspace/devel/share/gennodejs/ros/ublox_msgs/msg/CfgNAVX5.js
Symlinking /home/shivamdesai/Desktop/rover/ros-workspace/devel/share/gennodejs/ros/ublox_msgs/msg/CfgNMEA6.js
Symlinking /home/shivamdesai/Desktop/rover/ros-workspace/devel/share/gennodejs/ros/ublox_msgs/msg/CfgTMODE3.js
Symlinking /home/shivamdesai/Desktop/rover/ros-workspace/devel/share/gennodejs/ros/ublox_msgs/msg/RxmRAWX.js
Symlinking /home/shivamdesai/Desktop/rover/ros-workspace/devel/share/gennodejs/ros/ublox_msgs/msg/MonVER.js
Symlinking /home/shivamdesai/Desktop/rover/ros-workspace/devel/share/gennodejs/ros/ublox_msgs/msg/NavSAT_SV.js
Symlinking /home/shivamdesai/Desktop/rover/ros-workspace/devel/share/gennodejs/ros/ublox_msgs/msg/CfgHNR.js
Symlinking /home/shivamdesai/Desktop/rover/ros-workspace/devel/share/gennodejs/ros/ublox_msgs/msg/NavHPPOSLLH.js
Symlinking /home/shivamdesai/Desktop/rover/ros-workspace/devel/share/gennodejs/ros/ublox_msgs/msg/RxmEPH.js
Symlinking /home/shivamdesai/Desktop/rover/ros-workspace/devel/share/gennodejs/ros/ublox_msgs/msg/NavDGPS_SV.js
Symlinking /home/shivamdesai/Desktop/rover/ros-workspace/devel/share/gennodejs/ros/ublox_msgs/msg/NavSOL.js
Symlinking /home/shivamdesai/Desktop/rover/ros-workspace/devel/share/gennodejs/ros/ublox_msgs/msg/CfgDAT.js
Symlinking /home/shivamdesai/Desktop/rover/ros-workspace/devel/share/gennodejs/ros/ublox_msgs/msg/Ack.js
Symlinking /home/shivamdesai/Desktop/rover/ros-workspace/devel/share/gennodejs/ros/ublox_msgs/msg/RxmSFRB.js
Symlinking /home/shivamdesai/Desktop/rover/ros-workspace/devel/share/gennodejs/ros/ublox_msgs/msg/EsfRAW_Block.js
Symlinking /home/shivamdesai/Desktop/rover/ros-workspace/devel/share/gennodejs/ros/ublox_msgs/msg/NavSVINFO.js
Symlinking /home/shivamdesai/Desktop/rover/ros-workspace/devel/share/gennodejs/ros/ublox_msgs/msg/NavVELNED.js
Symlinking /home/shivamdesai/Desktop/rover/ros-workspace/devel/share/gennodejs/ros/ublox_msgs/msg/AidALM.js
Symlinking /home/shivamdesai/Desktop/rover/ros-workspace/devel/share/gennodejs/ros/ublox_msgs/msg/MonHW6.js
Symlinking /home/shivamdesai/Desktop/rover/ros-workspace/devel/share/gennodejs/ros/ublox_msgs/msg/NavSAT.js
Symlinking /home/shivamdesai/Desktop/rover/ros-workspace/devel/share/gennodejs/ros/ublox_msgs/msg/TimTM2.js
Symlinking /home/shivamdesai/Desktop/rover/ros-workspace/devel/share/gennodejs/ros/ublox_msgs/msg/CfgGNSS.js
Symlinking /home/shivamdesai/Desktop/rover/ros-workspace/devel/share/gennodejs/ros/ublox_msgs/msg/EsfMEAS.js
Symlinking /home/shivamdesai/Desktop/rover/ros-workspace/devel/share/gennodejs/ros/ublox_msgs/msg/MonVER_Extension.js
Symlinking /home/shivamdesai/Desktop/rover/ros-workspace/devel/share/gennodejs/ros/ublox_msgs/msg/CfgSBAS.js
Symlinking /home/shivamdesai/Desktop/rover/ros-workspace/devel/share/gennodejs/ros/ublox_msgs/msg/CfgNMEA.js
Symlinking /home/shivamdesai/Desktop/rover/ros-workspace/devel/share/gennodejs/ros/ublox_msgs/msg/CfgCFG.js
Symlinking /home/shivamdesai/Desktop/rover/ros-workspace/devel/share/gennodejs/ros/ublox_msgs/msg/UpdSOS.js
Symlinking /home/shivamdesai/Desktop/rover/ros-workspace/devel/share/gennodejs/ros/ublox_msgs/msg/EsfINS.js
Symlinking /home/shivamdesai/Desktop/rover/ros-workspace/devel/share/gennodejs/ros/ublox_msgs/msg/_index.js
Symlinking /home/shivamdesai/Desktop/rover/ros-workspace/devel/share/gennodejs/ros/ublox_msgs/msg/NavSVINFO_SV.js
Symlinking /home/shivamdesai/Desktop/rover/ros-workspace/devel/share/gennodejs/ros/ublox_msgs/msg/RxmSFRBX.js
Symlinking /home/shivamdesai/Desktop/rover/ros-workspace/devel/share/gennodejs/ros/ublox_msgs/msg/HnrPVT.js
Symlinking /home/shivamdesai/Desktop/rover/ros-workspace/devel/share/gennodejs/ros/ublox_msgs/msg/NavPOSECEF.js
Symlinking /home/shivamdesai/Desktop/rover/ros-workspace/devel/share/gennodejs/ros/ublox_msgs/msg/RxmRAW.js
Symlinking /home/shivamdesai/Desktop/rover/ros-workspace/devel/share/gennodejs/ros/ublox_msgs/msg/Inf.js
Symlinking /home/shivamdesai/Desktop/rover/ros-workspace/devel/share/gennodejs/ros/ublox_msgs/msg/NavRELPOSNED.js
Symlinking /home/shivamdesai/Desktop/rover/ros-workspace/devel/share/gennodejs/ros/ublox_msgs/msg/RxmRAW_SV.js
Symlinking /home/shivamdesai/Desktop/rover/ros-workspace/devel/share/gennodejs/ros/ublox_msgs/msg/RxmRTCM.js
Symlinking /home/shivamdesai/Desktop/rover/ros-workspace/devel/share/gennodejs/ros/ublox_msgs/msg/MonHW.js
Symlinking /home/shivamdesai/Desktop/rover/ros-workspace/devel/share/gennodejs/ros/ublox_msgs/msg/NavSVIN.js
Symlinking /home/shivamdesai/Desktop/rover/ros-workspace/devel/share/gennodejs/ros/ublox_msgs/msg/NavPVT.js
Symlinking /home/shivamdesai/Desktop/rover/ros-workspace/devel/share/gennodejs/ros/ublox_msgs/msg/RxmSVSI.js
Symlinking /home/shivamdesai/Desktop/rover/ros-workspace/devel/share/gennodejs/ros/ublox_msgs/msg/MgaGAL.js
Symlinking /home/shivamdesai/Desktop/rover/ros-workspace/devel/share/gennodejs/ros/ublox_msgs/msg/CfgRST.js
Symlinking /home/shivamdesai/Desktop/rover/ros-workspace/devel/share/gennodejs/ros/ublox_msgs/msg/NavDOP.js
Symlinking /home/shivamdesai/Desktop/rover/ros-workspace/devel/share/gennodejs/ros/ublox_msgs/msg/RxmSVSI_SV.js
Symlinking /home/shivamdesai/Desktop/rover/ros-workspace/devel/share/gennodejs/ros/ublox_msgs/msg/CfgPRT.js
Symlinking /home/shivamdesai/Desktop/rover/ros-workspace/devel/share/gennodejs/ros/ublox_msgs/msg/CfgNMEA7.js
Symlinking /home/shivamdesai/Desktop/rover/ros-workspace/devel/share/gennodejs/ros/ublox_msgs/msg/EsfSTATUS.js
Symlinking /home/shivamdesai/Desktop/rover/ros-workspace/devel/share/gennodejs/ros/ublox_msgs/msg/NavATT.js
Symlinking /home/shivamdesai/Desktop/rover/ros-workspace/devel/share/gennodejs/ros/ublox_msgs/msg/CfgNAV5.js
Symlinking /home/shivamdesai/Desktop/rover/ros-workspace/devel/share/gennodejs/ros/ublox_msgs/msg/NavSTATUS.js
Symlinking /home/shivamdesai/Desktop/rover/ros-workspace/devel/share/gennodejs/ros/ublox_msgs/msg/NavCLOCK.js
Symlinking /home/shivamdesai/Desktop/rover/ros-workspace/devel/share/gennodejs/ros/ublox_msgs/msg/CfgINF_Block.js
Symlinking /home/shivamdesai/Desktop/rover/ros-workspace/devel/share/gennodejs/ros/ublox_msgs/msg/NavSBAS.js
Symlinking /home/shivamdesai/Desktop/rover/ros-workspace/devel/share/gennodejs/ros/ublox_msgs/msg/CfgGNSS_Block.js
Symlinking /home/shivamdesai/Desktop/rover/ros-workspace/devel/share/gennodejs/ros/ublox_msgs/msg/NavDGPS.js
Symlinking /home/shivamdesai/Desktop/rover/ros-workspace/devel/share/gennodejs/ros/ublox_msgs/msg/NavPVT7.js
Symlinking /home/shivamdesai/Desktop/rover/ros-workspace/devel/share/gennodejs/ros/ublox_msgs/msg/NavSBAS_SV.js
Symlinking /home/shivamdesai/Desktop/rover/ros-workspace/devel/share/common-lisp/ros/ublox_msgs/msg/_package_CfgINF_Block.lisp
Symlinking /home/shivamdesai/Desktop/rover/ros-workspace/devel/share/common-lisp/ros/ublox_msgs/msg/_package_MonVER_Extension.lisp
Symlinking /home/shivamdesai/Desktop/rover/ros-workspace/devel/share/common-lisp/ros/ublox_msgs/msg/MonVER.lisp
Symlinking /home/shivamdesai/Desktop/rover/ros-workspace/devel/share/common-lisp/ros/ublox_msgs/msg/EsfINS.lisp
Symlinking /home/shivamdesai/Desktop/rover/ros-workspace/devel/share/common-lisp/ros/ublox_msgs/msg/_package_HnrPVT.lisp
Symlinking /home/shivamdesai/Desktop/rover/ros-workspace/devel/share/common-lisp/ros/ublox_msgs/msg/_package_CfgRATE.lisp
Symlinking /home/shivamdesai/Desktop/rover/ros-workspace/devel/share/common-lisp/ros/ublox_msgs/msg/_package_MonHW6.lisp
Symlinking /home/shivamdesai/Desktop/rover/ros-workspace/devel/share/common-lisp/ros/ublox_msgs/msg/_package_NavPOSLLH.lisp
Symlinking /home/shivamdesai/Desktop/rover/ros-workspace/devel/share/common-lisp/ros/ublox_msgs/msg/NavSOL.lisp
Symlinking /home/shivamdesai/Desktop/rover/ros-workspace/devel/share/common-lisp/ros/ublox_msgs/msg/MonGNSS.lisp
Symlinking /home/shivamdesai/Desktop/rover/ros-workspace/devel/share/common-lisp/ros/ublox_msgs/msg/UpdSOS.lisp
Symlinking /home/shivamdesai/Desktop/rover/ros-workspace/devel/share/common-lisp/ros/ublox_msgs/msg/_package_CfgRST.lisp
Symlinking /home/shivamdesai/Desktop/rover/ros-workspace/devel/share/common-lisp/ros/ublox_msgs/msg/NavSTATUS.lisp
Symlinking /home/shivamdesai/Desktop/rover/ros-workspace/devel/share/common-lisp/ros/ublox_msgs/msg/_package_RxmEPH.lisp
Symlinking /home/shivamdesai/Desktop/rover/ros-workspace/devel/share/common-lisp/ros/ublox_msgs/msg/_package_NavSTATUS.lisp
Symlinking /home/shivamdesai/Desktop/rover/ros-workspace/devel/share/common-lisp/ros/ublox_msgs/msg/_package_RxmRAW.lisp
Symlinking /home/shivamdesai/Desktop/rover/ros-workspace/devel/share/common-lisp/ros/ublox_msgs/msg/_package_MgaGAL.lisp
Symlinking /home/shivamdesai/Desktop/rover/ros-workspace/devel/share/common-lisp/ros/ublox_msgs/msg/RxmRAW_SV.lisp
Symlinking /home/shivamdesai/Desktop/rover/ros-workspace/devel/share/common-lisp/ros/ublox_msgs/msg/_package_EsfINS.lisp
Symlinking /home/shivamdesai/Desktop/rover/ros-workspace/devel/share/common-lisp/ros/ublox_msgs/msg/_package_CfgNMEA7.lisp
Symlinking /home/shivamdesai/Desktop/rover/ros-workspace/devel/share/common-lisp/ros/ublox_msgs/msg/_package_NavSAT.lisp
Symlinking /home/shivamdesai/Desktop/rover/ros-workspace/devel/share/common-lisp/ros/ublox_msgs/msg/NavDGPS_SV.lisp
Symlinking /home/shivamdesai/Desktop/rover/ros-workspace/devel/share/common-lisp/ros/ublox_msgs/msg/_package_RxmRTCM.lisp
Symlinking /home/shivamdesai/Desktop/rover/ros-workspace/devel/share/common-lisp/ros/ublox_msgs/msg/RxmRAWX.lisp
Symlinking /home/shivamdesai/Desktop/rover/ros-workspace/devel/share/common-lisp/ros/ublox_msgs/msg/_package_CfgDGNSS.lisp
Symlinking /home/shivamdesai/Desktop/rover/ros-workspace/devel/share/common-lisp/ros/ublox_msgs/msg/_package_CfgNAVX5.lisp
Symlinking /home/shivamdesai/Desktop/rover/ros-workspace/devel/share/common-lisp/ros/ublox_msgs/msg/_package_TimTM2.lisp
Symlinking /home/shivamdesai/Desktop/rover/ros-workspace/devel/share/common-lisp/ros/ublox_msgs/msg/_package_CfgCFG.lisp
Symlinking /home/shivamdesai/Desktop/rover/ros-workspace/devel/share/common-lisp/ros/ublox_msgs/msg/CfgNAV5.lisp
Symlinking /home/shivamdesai/Desktop/rover/ros-workspace/devel/share/common-lisp/ros/ublox_msgs/msg/RxmSFRB.lisp
Symlinking /home/shivamdesai/Desktop/rover/ros-workspace/devel/share/common-lisp/ros/ublox_msgs/msg/NavSVINFO.lisp
Symlinking /home/shivamdesai/Desktop/rover/ros-workspace/devel/share/common-lisp/ros/ublox_msgs/msg/_package_NavPVT7.lisp
Symlinking /home/shivamdesai/Desktop/rover/ros-workspace/devel/share/common-lisp/ros/ublox_msgs/msg/_package_CfgNMEA.lisp
Symlinking /home/shivamdesai/Desktop/rover/ros-workspace/devel/share/common-lisp/ros/ublox_msgs/msg/_package_AidALM.lisp
Symlinking /home/shivamdesai/Desktop/rover/ros-workspace/devel/share/common-lisp/ros/ublox_msgs/msg/_package_NavVELNED.lisp
Symlinking /home/shivamdesai/Desktop/rover/ros-workspace/devel/share/common-lisp/ros/ublox_msgs/msg/_package_MonHW.lisp
Symlinking /home/shivamdesai/Desktop/rover/ros-workspace/devel/share/common-lisp/ros/ublox_msgs/msg/_package_RxmSFRBX.lisp
Symlinking /home/shivamdesai/Desktop/rover/ros-workspace/devel/share/common-lisp/ros/ublox_msgs/msg/EsfSTATUS.lisp
Symlinking /home/shivamdesai/Desktop/rover/ros-workspace/devel/share/common-lisp/ros/ublox_msgs/msg/_package_NavSVIN.lisp
Symlinking /home/shivamdesai/Desktop/rover/ros-workspace/devel/share/common-lisp/ros/ublox_msgs/msg/_package_NavDOP.lisp
Symlinking /home/shivamdesai/Desktop/rover/ros-workspace/devel/share/common-lisp/ros/ublox_msgs/msg/_package.lisp
Symlinking /home/shivamdesai/Desktop/rover/ros-workspace/devel/share/common-lisp/ros/ublox_msgs/msg/_package_CfgTMODE3.lisp
Symlinking /home/shivamdesai/Desktop/rover/ros-workspace/devel/share/common-lisp/ros/ublox_msgs/msg/TimTM2.lisp
Symlinking /home/shivamdesai/Desktop/rover/ros-workspace/devel/share/common-lisp/ros/ublox_msgs/msg/_package_NavTIMEUTC.lisp
Symlinking /home/shivamdesai/Desktop/rover/ros-workspace/devel/share/common-lisp/ros/ublox_msgs/msg/NavRELPOSNED9.lisp
Symlinking /home/shivamdesai/Desktop/rover/ros-workspace/devel/share/common-lisp/ros/ublox_msgs/msg/CfgSBAS.lisp
Symlinking /home/shivamdesai/Desktop/rover/ros-workspace/devel/share/common-lisp/ros/ublox_msgs/msg/EsfSTATUS_Sens.lisp
Symlinking /home/shivamdesai/Desktop/rover/ros-workspace/devel/share/common-lisp/ros/ublox_msgs/msg/NavSVINFO_SV.lisp
Symlinking /home/shivamdesai/Desktop/rover/ros-workspace/devel/share/common-lisp/ros/ublox_msgs/msg/NavSBAS.lisp
Symlinking /home/shivamdesai/Desktop/rover/ros-workspace/devel/share/common-lisp/ros/ublox_msgs/msg/NavPOSLLH.lisp
Symlinking /home/shivamdesai/Desktop/rover/ros-workspace/devel/share/common-lisp/ros/ublox_msgs/msg/NavATT.lisp
Symlinking /home/shivamdesai/Desktop/rover/ros-workspace/devel/share/common-lisp/ros/ublox_msgs/msg/_package_NavVELECEF.lisp
Symlinking /home/shivamdesai/Desktop/rover/ros-workspace/devel/share/common-lisp/ros/ublox_msgs/msg/CfgNAVX5.lisp
Symlinking /home/shivamdesai/Desktop/rover/ros-workspace/devel/share/common-lisp/ros/ublox_msgs/msg/AidHUI.lisp
Symlinking /home/shivamdesai/Desktop/rover/ros-workspace/devel/share/common-lisp/ros/ublox_msgs/msg/CfgGNSS_Block.lisp
Symlinking /home/shivamdesai/Desktop/rover/ros-workspace/devel/share/common-lisp/ros/ublox_msgs/msg/RxmEPH.lisp
Symlinking /home/shivamdesai/Desktop/rover/ros-workspace/devel/share/common-lisp/ros/ublox_msgs/msg/_package_AidHUI.lisp
Symlinking /home/shivamdesai/Desktop/rover/ros-workspace/devel/share/common-lisp/ros/ublox_msgs/msg/_package_NavSVINFO.lisp
Symlinking /home/shivamdesai/Desktop/rover/ros-workspace/devel/share/common-lisp/ros/ublox_msgs/msg/_package_NavSBAS_SV.lisp
Symlinking /home/shivamdesai/Desktop/rover/ros-workspace/devel/share/common-lisp/ros/ublox_msgs/msg/_package_AidEPH.lisp
Symlinking /home/shivamdesai/Desktop/rover/ros-workspace/devel/share/common-lisp/ros/ublox_msgs/msg/AidEPH.lisp
Symlinking /home/shivamdesai/Desktop/rover/ros-workspace/devel/share/common-lisp/ros/ublox_msgs/msg/_package_EsfSTATUS.lisp
Symlinking /home/shivamdesai/Desktop/rover/ros-workspace/devel/share/common-lisp/ros/ublox_msgs/msg/_package_RxmALM.lisp
Symlinking /home/shivamdesai/Desktop/rover/ros-workspace/devel/share/common-lisp/ros/ublox_msgs/msg/_package_CfgUSB.lisp
Symlinking /home/shivamdesai/Desktop/rover/ros-workspace/devel/share/common-lisp/ros/ublox_msgs/msg/CfgRST.lisp
Symlinking /home/shivamdesai/Desktop/rover/ros-workspace/devel/share/common-lisp/ros/ublox_msgs/msg/_package_RxmSVSI_SV.lisp
Symlinking /home/shivamdesai/Desktop/rover/ros-workspace/devel/share/common-lisp/ros/ublox_msgs/msg/_package_NavSBAS.lisp
Symlinking /home/shivamdesai/Desktop/rover/ros-workspace/devel/share/common-lisp/ros/ublox_msgs/msg/_package_EsfSTATUS_Sens.lisp
Symlinking /home/shivamdesai/Desktop/rover/ros-workspace/devel/share/common-lisp/ros/ublox_msgs/msg/_package_NavPVT.lisp
Symlinking /home/shivamdesai/Desktop/rover/ros-workspace/devel/share/common-lisp/ros/ublox_msgs/msg/MgaGAL.lisp
Symlinking /home/shivamdesai/Desktop/rover/ros-workspace/devel/share/common-lisp/ros/ublox_msgs/msg/CfgTMODE3.lisp
Symlinking /home/shivamdesai/Desktop/rover/ros-workspace/devel/share/common-lisp/ros/ublox_msgs/msg/_package_NavRELPOSNED.lisp
Symlinking /home/shivamdesai/Desktop/rover/ros-workspace/devel/share/common-lisp/ros/ublox_msgs/msg/_package_RxmRAWX_Meas.lisp
Symlinking /home/shivamdesai/Desktop/rover/ros-workspace/devel/share/common-lisp/ros/ublox_msgs/msg/UpdSOS_Ack.lisp
Symlinking /home/shivamdesai/Desktop/rover/ros-workspace/devel/share/common-lisp/ros/ublox_msgs/msg/RxmRTCM.lisp
Symlinking /home/shivamdesai/Desktop/rover/ros-workspace/devel/share/common-lisp/ros/ublox_msgs/msg/_package_NavSOL.lisp
Symlinking /home/shivamdesai/Desktop/rover/ros-workspace/devel/share/common-lisp/ros/ublox_msgs/msg/MonHW.lisp
Symlinking /home/shivamdesai/Desktop/rover/ros-workspace/devel/share/common-lisp/ros/ublox_msgs/msg/CfgNMEA.lisp
Symlinking /home/shivamdesai/Desktop/rover/ros-workspace/devel/share/common-lisp/ros/ublox_msgs/msg/_package_NavTIMEGPS.lisp
Symlinking /home/shivamdesai/Desktop/rover/ros-workspace/devel/share/common-lisp/ros/ublox_msgs/msg/RxmSFRBX.lisp
Symlinking /home/shivamdesai/Desktop/rover/ros-workspace/devel/share/common-lisp/ros/ublox_msgs/msg/_package_RxmSVSI.lisp
Symlinking /home/shivamdesai/Desktop/rover/ros-workspace/devel/share/common-lisp/ros/ublox_msgs/msg/EsfRAW_Block.lisp
Symlinking /home/shivamdesai/Desktop/rover/ros-workspace/devel/share/common-lisp/ros/ublox_msgs/msg/_package_CfgNMEA6.lisp
Symlinking /home/shivamdesai/Desktop/rover/ros-workspace/devel/share/common-lisp/ros/ublox_msgs/msg/_package_CfgDAT.lisp
Symlinking /home/shivamdesai/Desktop/rover/ros-workspace/devel/share/common-lisp/ros/ublox_msgs/msg/_package_CfgNAV5.lisp
Symlinking /home/shivamdesai/Desktop/rover/ros-workspace/devel/share/common-lisp/ros/ublox_msgs/msg/NavCLOCK.lisp
Symlinking /home/shivamdesai/Desktop/rover/ros-workspace/devel/share/common-lisp/ros/ublox_msgs/msg/_package_NavHPPOSLLH.lisp
Symlinking /home/shivamdesai/Desktop/rover/ros-workspace/devel/share/common-lisp/ros/ublox_msgs/msg/MonHW6.lisp
Symlinking /home/shivamdesai/Desktop/rover/ros-workspace/devel/share/common-lisp/ros/ublox_msgs/msg/_package_UpdSOS.lisp
Symlinking /home/shivamdesai/Desktop/rover/ros-workspace/devel/share/common-lisp/ros/ublox_msgs/msg/NavPVT7.lisp
Symlinking /home/shivamdesai/Desktop/rover/ros-workspace/devel/share/common-lisp/ros/ublox_msgs/msg/_package_Inf.lisp
Symlinking /home/shivamdesai/Desktop/rover/ros-workspace/devel/share/common-lisp/ros/ublox_msgs/msg/_package_CfgHNR.lisp
Symlinking /home/shivamdesai/Desktop/rover/ros-workspace/devel/share/common-lisp/ros/ublox_msgs/msg/Ack.lisp
Symlinking /home/shivamdesai/Desktop/rover/ros-workspace/devel/share/common-lisp/ros/ublox_msgs/msg/CfgRATE.lisp
Symlinking /home/shivamdesai/Desktop/rover/ros-workspace/devel/share/common-lisp/ros/ublox_msgs/msg/NavSBAS_SV.lisp
Symlinking /home/shivamdesai/Desktop/rover/ros-workspace/devel/share/common-lisp/ros/ublox_msgs/msg/RxmRAWX_Meas.lisp
Symlinking /home/shivamdesai/Desktop/rover/ros-workspace/devel/share/common-lisp/ros/ublox_msgs/msg/CfgGNSS.lisp
Symlinking /home/shivamdesai/Desktop/rover/ros-workspace/devel/share/common-lisp/ros/ublox_msgs/msg/CfgINF_Block.lisp
Symlinking /home/shivamdesai/Desktop/rover/ros-workspace/devel/share/common-lisp/ros/ublox_msgs/msg/_package_CfgINF.lisp
Symlinking /home/shivamdesai/Desktop/rover/ros-workspace/devel/share/common-lisp/ros/ublox_msgs/msg/NavSAT.lisp
Symlinking /home/shivamdesai/Desktop/rover/ros-workspace/devel/share/common-lisp/ros/ublox_msgs/msg/_package_Ack.lisp
Symlinking /home/shivamdesai/Desktop/rover/ros-workspace/devel/share/common-lisp/ros/ublox_msgs/msg/NavRELPOSNED.lisp
Symlinking /home/shivamdesai/Desktop/rover/ros-workspace/devel/share/common-lisp/ros/ublox_msgs/msg/AidALM.lisp
Symlinking /home/shivamdesai/Desktop/rover/ros-workspace/devel/share/common-lisp/ros/ublox_msgs/msg/NavPOSECEF.lisp
Symlinking /home/shivamdesai/Desktop/rover/ros-workspace/devel/share/common-lisp/ros/ublox_msgs/msg/EsfMEAS.lisp
Symlinking /home/shivamdesai/Desktop/rover/ros-workspace/devel/share/common-lisp/ros/ublox_msgs/msg/RxmRAW.lisp
Symlinking /home/shivamdesai/Desktop/rover/ros-workspace/devel/share/common-lisp/ros/ublox_msgs/msg/_package_RxmRAWX.lisp
Symlinking /home/shivamdesai/Desktop/rover/ros-workspace/devel/share/common-lisp/ros/ublox_msgs/msg/NavPVT.lisp
Symlinking /home/shivamdesai/Desktop/rover/ros-workspace/devel/share/common-lisp/ros/ublox_msgs/msg/NavVELECEF.lisp
Symlinking /home/shivamdesai/Desktop/rover/ros-workspace/devel/share/common-lisp/ros/ublox_msgs/msg/_package_MonVER.lisp
Symlinking /home/shivamdesai/Desktop/rover/ros-workspace/devel/share/common-lisp/ros/ublox_msgs/msg/CfgCFG.lisp
Symlinking /home/shivamdesai/Desktop/rover/ros-workspace/devel/share/common-lisp/ros/ublox_msgs/msg/CfgUSB.lisp
Symlinking /home/shivamdesai/Desktop/rover/ros-workspace/devel/share/common-lisp/ros/ublox_msgs/msg/_package_NavCLOCK.lisp
Symlinking /home/shivamdesai/Desktop/rover/ros-workspace/devel/share/common-lisp/ros/ublox_msgs/msg/MonVER_Extension.lisp
Symlinking /home/shivamdesai/Desktop/rover/ros-workspace/devel/share/common-lisp/ros/ublox_msgs/msg/_package_NavSVINFO_SV.lisp
Symlinking /home/shivamdesai/Desktop/rover/ros-workspace/devel/share/common-lisp/ros/ublox_msgs/msg/EsfRAW.lisp
Symlinking /home/shivamdesai/Desktop/rover/ros-workspace/devel/share/common-lisp/ros/ublox_msgs/msg/_package_EsfMEAS.lisp
Symlinking /home/shivamdesai/Desktop/rover/ros-workspace/devel/share/common-lisp/ros/ublox_msgs/msg/RxmSVSI_SV.lisp
Symlinking /home/shivamdesai/Desktop/rover/ros-workspace/devel/share/common-lisp/ros/ublox_msgs/msg/NavTIMEGPS.lisp
Symlinking /home/shivamdesai/Desktop/rover/ros-workspace/devel/share/common-lisp/ros/ublox_msgs/msg/NavDOP.lisp
Symlinking /home/shivamdesai/Desktop/rover/ros-workspace/devel/share/common-lisp/ros/ublox_msgs/msg/_package_NavHPPOSECEF.lisp
Symlinking /home/shivamdesai/Desktop/rover/ros-workspace/devel/share/common-lisp/ros/ublox_msgs/msg/CfgINF.lisp
Symlinking /home/shivamdesai/Desktop/rover/ros-workspace/devel/share/common-lisp/ros/ublox_msgs/msg/_package_CfgSBAS.lisp
Symlinking /home/shivamdesai/Desktop/rover/ros-workspace/devel/share/common-lisp/ros/ublox_msgs/msg/NavTIMEUTC.lisp
Symlinking /home/shivamdesai/Desktop/rover/ros-workspace/devel/share/common-lisp/ros/ublox_msgs/msg/NavHPPOSECEF.lisp
Symlinking /home/shivamdesai/Desktop/rover/ros-workspace/devel/share/common-lisp/ros/ublox_msgs/msg/CfgPRT.lisp
Symlinking /home/shivamdesai/Desktop/rover/ros-workspace/devel/share/common-lisp/ros/ublox_msgs/msg/ublox_msgs-msg.asd
Symlinking /home/shivamdesai/Desktop/rover/ros-workspace/devel/share/common-lisp/ros/ublox_msgs/msg/Inf.lisp
Symlinking /home/shivamdesai/Desktop/rover/ros-workspace/devel/share/common-lisp/ros/ublox_msgs/msg/CfgHNR.lisp
Symlinking /home/shivamdesai/Desktop/rover/ros-workspace/devel/share/common-lisp/ros/ublox_msgs/msg/CfgDAT.lisp
Symlinking /home/shivamdesai/Desktop/rover/ros-workspace/devel/share/common-lisp/ros/ublox_msgs/msg/_package_UpdSOS_Ack.lisp
Symlinking /home/shivamdesai/Desktop/rover/ros-workspace/devel/share/common-lisp/ros/ublox_msgs/msg/CfgANT.lisp
Symlinking /home/shivamdesai/Desktop/rover/ros-workspace/devel/share/common-lisp/ros/ublox_msgs/msg/CfgNMEA6.lisp
Symlinking /home/shivamdesai/Desktop/rover/ros-workspace/devel/share/common-lisp/ros/ublox_msgs/msg/CfgMSG.lisp
Symlinking /home/shivamdesai/Desktop/rover/ros-workspace/devel/share/common-lisp/ros/ublox_msgs/msg/_package_CfgMSG.lisp
Symlinking /home/shivamdesai/Desktop/rover/ros-workspace/devel/share/common-lisp/ros/ublox_msgs/msg/_package_EsfRAW.lisp
Symlinking /home/shivamdesai/Desktop/rover/ros-workspace/devel/share/common-lisp/ros/ublox_msgs/msg/_package_NavDGPS_SV.lisp
Symlinking /home/shivamdesai/Desktop/rover/ros-workspace/devel/share/common-lisp/ros/ublox_msgs/msg/_package_RxmRAW_SV.lisp
Symlinking /home/shivamdesai/Desktop/rover/ros-workspace/devel/share/common-lisp/ros/ublox_msgs/msg/NavSAT_SV.lisp
Symlinking /home/shivamdesai/Desktop/rover/ros-workspace/devel/share/common-lisp/ros/ublox_msgs/msg/NavHPPOSLLH.lisp
Symlinking /home/shivamdesai/Desktop/rover/ros-workspace/devel/share/common-lisp/ros/ublox_msgs/msg/_package_CfgGNSS_Block.lisp
Symlinking /home/shivamdesai/Desktop/rover/ros-workspace/devel/share/common-lisp/ros/ublox_msgs/msg/_package_NavRELPOSNED9.lisp
Symlinking /home/shivamdesai/Desktop/rover/ros-workspace/devel/share/common-lisp/ros/ublox_msgs/msg/_package_NavATT.lisp
Symlinking /home/shivamdesai/Desktop/rover/ros-workspace/devel/share/common-lisp/ros/ublox_msgs/msg/_package_NavPOSECEF.lisp
Symlinking /home/shivamdesai/Desktop/rover/ros-workspace/devel/share/common-lisp/ros/ublox_msgs/msg/_package_MonGNSS.lisp
Symlinking /home/shivamdesai/Desktop/rover/ros-workspace/devel/share/common-lisp/ros/ublox_msgs/msg/CfgNMEA7.lisp
Symlinking /home/shivamdesai/Desktop/rover/ros-workspace/devel/share/common-lisp/ros/ublox_msgs/msg/_package_CfgGNSS.lisp
Symlinking /home/shivamdesai/Desktop/rover/ros-workspace/devel/share/common-lisp/ros/ublox_msgs/msg/_package_EsfRAW_Block.lisp
Symlinking /home/shivamdesai/Desktop/rover/ros-workspace/devel/share/common-lisp/ros/ublox_msgs/msg/RxmALM.lisp
Symlinking /home/shivamdesai/Desktop/rover/ros-workspace/devel/share/common-lisp/ros/ublox_msgs/msg/CfgDGNSS.lisp
Symlinking /home/shivamdesai/Desktop/rover/ros-workspace/devel/share/common-lisp/ros/ublox_msgs/msg/_package_CfgPRT.lisp
Symlinking /home/shivamdesai/Desktop/rover/ros-workspace/devel/share/common-lisp/ros/ublox_msgs/msg/_package_NavSAT_SV.lisp
Symlinking /home/shivamdesai/Desktop/rover/ros-workspace/devel/share/common-lisp/ros/ublox_msgs/msg/_package_CfgANT.lisp
Symlinking /home/shivamdesai/Desktop/rover/ros-workspace/devel/share/common-lisp/ros/ublox_msgs/msg/NavDGPS.lisp
Symlinking /home/shivamdesai/Desktop/rover/ros-workspace/devel/share/common-lisp/ros/ublox_msgs/msg/HnrPVT.lisp
Symlinking /home/shivamdesai/Desktop/rover/ros-workspace/devel/share/common-lisp/ros/ublox_msgs/msg/NavSVIN.lisp
Symlinking /home/shivamdesai/Desktop/rover/ros-workspace/devel/share/common-lisp/ros/ublox_msgs/msg/_package_RxmSFRB.lisp
Symlinking /home/shivamdesai/Desktop/rover/ros-workspace/devel/share/common-lisp/ros/ublox_msgs/msg/NavVELNED.lisp
Symlinking /home/shivamdesai/Desktop/rover/ros-workspace/devel/share/common-lisp/ros/ublox_msgs/msg/RxmSVSI.lisp
Symlinking /home/shivamdesai/Desktop/rover/ros-workspace/devel/share/common-lisp/ros/ublox_msgs/msg/_package_NavDGPS.lisp
Symlinking /home/shivamdesai/Desktop/rover/ros-workspace/devel/share/roseus/ros/ublox_msgs/manifest.l
Symlinking /home/shivamdesai/Desktop/rover/ros-workspace/devel/share/roseus/ros/ublox_msgs/msg/CfgANT.l
Symlinking /home/shivamdesai/Desktop/rover/ros-workspace/devel/share/roseus/ros/ublox_msgs/msg/EsfINS.l
Symlinking /home/shivamdesai/Desktop/rover/ros-workspace/devel/share/roseus/ros/ublox_msgs/msg/CfgMSG.l
Symlinking /home/shivamdesai/Desktop/rover/ros-workspace/devel/share/roseus/ros/ublox_msgs/msg/EsfRAW_Block.l
Symlinking /home/shivamdesai/Desktop/rover/ros-workspace/devel/share/roseus/ros/ublox_msgs/msg/MonGNSS.l
Symlinking /home/shivamdesai/Desktop/rover/ros-workspace/devel/share/roseus/ros/ublox_msgs/msg/RxmRAWX_Meas.l
Symlinking /home/shivamdesai/Desktop/rover/ros-workspace/devel/share/roseus/ros/ublox_msgs/msg/CfgNMEA6.l
Symlinking /home/shivamdesai/Desktop/rover/ros-workspace/devel/share/roseus/ros/ublox_msgs/msg/EsfRAW.l
Symlinking /home/shivamdesai/Desktop/rover/ros-workspace/devel/share/roseus/ros/ublox_msgs/msg/NavSVIN.l
Symlinking /home/shivamdesai/Desktop/rover/ros-workspace/devel/share/roseus/ros/ublox_msgs/msg/NavSTATUS.l
Symlinking /home/shivamdesai/Desktop/rover/ros-workspace/devel/share/roseus/ros/ublox_msgs/msg/NavRELPOSNED.l
Symlinking /home/shivamdesai/Desktop/rover/ros-workspace/devel/share/roseus/ros/ublox_msgs/msg/CfgTMODE3.l
Symlinking /home/shivamdesai/Desktop/rover/ros-workspace/devel/share/roseus/ros/ublox_msgs/msg/MonVER_Extension.l
Symlinking /home/shivamdesai/Desktop/rover/ros-workspace/devel/share/roseus/ros/ublox_msgs/msg/CfgINF_Block.l
Symlinking /home/shivamdesai/Desktop/rover/ros-workspace/devel/share/roseus/ros/ublox_msgs/msg/MonHW.l
Symlinking /home/shivamdesai/Desktop/rover/ros-workspace/devel/share/roseus/ros/ublox_msgs/msg/CfgPRT.l
Symlinking /home/shivamdesai/Desktop/rover/ros-workspace/devel/share/roseus/ros/ublox_msgs/msg/NavPOSLLH.l
Symlinking /home/shivamdesai/Desktop/rover/ros-workspace/devel/share/roseus/ros/ublox_msgs/msg/RxmRAW.l
Symlinking /home/shivamdesai/Desktop/rover/ros-workspace/devel/share/roseus/ros/ublox_msgs/msg/CfgNAVX5.l
Symlinking /home/shivamdesai/Desktop/rover/ros-workspace/devel/share/roseus/ros/ublox_msgs/msg/EsfMEAS.l
Symlinking /home/shivamdesai/Desktop/rover/ros-workspace/devel/share/roseus/ros/ublox_msgs/msg/CfgNAV5.l
Symlinking /home/shivamdesai/Desktop/rover/ros-workspace/devel/share/roseus/ros/ublox_msgs/msg/RxmSFRBX.l
Symlinking /home/shivamdesai/Desktop/rover/ros-workspace/devel/share/roseus/ros/ublox_msgs/msg/CfgCFG.l
Symlinking /home/shivamdesai/Desktop/rover/ros-workspace/devel/share/roseus/ros/ublox_msgs/msg/Ack.l
Symlinking /home/shivamdesai/Desktop/rover/ros-workspace/devel/share/roseus/ros/ublox_msgs/msg/CfgNMEA.l
Symlinking /home/shivamdesai/Desktop/rover/ros-workspace/devel/share/roseus/ros/ublox_msgs/msg/NavSVINFO.l
Symlinking /home/shivamdesai/Desktop/rover/ros-workspace/devel/share/roseus/ros/ublox_msgs/msg/NavSBAS.l
Symlinking /home/shivamdesai/Desktop/rover/ros-workspace/devel/share/roseus/ros/ublox_msgs/msg/EsfSTATUS.l
Symlinking /home/shivamdesai/Desktop/rover/ros-workspace/devel/share/roseus/ros/ublox_msgs/msg/AidHUI.l
Symlinking /home/shivamdesai/Desktop/rover/ros-workspace/devel/share/roseus/ros/ublox_msgs/msg/RxmRTCM.l
Symlinking /home/shivamdesai/Desktop/rover/ros-workspace/devel/share/roseus/ros/ublox_msgs/msg/NavVELNED.l
Symlinking /home/shivamdesai/Desktop/rover/ros-workspace/devel/share/roseus/ros/ublox_msgs/msg/RxmRAWX.l
Symlinking /home/shivamdesai/Desktop/rover/ros-workspace/devel/share/roseus/ros/ublox_msgs/msg/CfgSBAS.l
Symlinking /home/shivamdesai/Desktop/rover/ros-workspace/devel/share/roseus/ros/ublox_msgs/msg/CfgRATE.l
Symlinking /home/shivamdesai/Desktop/rover/ros-workspace/devel/share/roseus/ros/ublox_msgs/msg/NavCLOCK.l
Symlinking /home/shivamdesai/Desktop/rover/ros-workspace/devel/share/roseus/ros/ublox_msgs/msg/NavSAT.l
Symlinking /home/shivamdesai/Desktop/rover/ros-workspace/devel/share/roseus/ros/ublox_msgs/msg/NavPVT.l
Symlinking /home/shivamdesai/Desktop/rover/ros-workspace/devel/share/roseus/ros/ublox_msgs/msg/NavDGPS.l
Symlinking /home/shivamdesai/Desktop/rover/ros-workspace/devel/share/roseus/ros/ublox_msgs/msg/EsfSTATUS_Sens.l
Symlinking /home/shivamdesai/Desktop/rover/ros-workspace/devel/share/roseus/ros/ublox_msgs/msg/NavRELPOSNED9.l
Symlinking /home/shivamdesai/Desktop/rover/ros-workspace/devel/share/roseus/ros/ublox_msgs/msg/CfgDGNSS.l
Symlinking /home/shivamdesai/Desktop/rover/ros-workspace/devel/share/roseus/ros/ublox_msgs/msg/NavPOSECEF.l
Symlinking /home/shivamdesai/Desktop/rover/ros-workspace/devel/share/roseus/ros/ublox_msgs/msg/UpdSOS_Ack.l
Symlinking /home/shivamdesai/Desktop/rover/ros-workspace/devel/share/roseus/ros/ublox_msgs/msg/RxmALM.l
Symlinking /home/shivamdesai/Desktop/rover/ros-workspace/devel/share/roseus/ros/ublox_msgs/msg/MonVER.l
Symlinking /home/shivamdesai/Desktop/rover/ros-workspace/devel/share/roseus/ros/ublox_msgs/msg/RxmSVSI.l
Symlinking /home/shivamdesai/Desktop/rover/ros-workspace/devel/share/roseus/ros/ublox_msgs/msg/NavSOL.l
Symlinking /home/shivamdesai/Desktop/rover/ros-workspace/devel/share/roseus/ros/ublox_msgs/msg/NavSBAS_SV.l
Symlinking /home/shivamdesai/Desktop/rover/ros-workspace/devel/share/roseus/ros/ublox_msgs/msg/NavSAT_SV.l
Symlinking /home/shivamdesai/Desktop/rover/ros-workspace/devel/share/roseus/ros/ublox_msgs/msg/CfgGNSS_Block.l
Symlinking /home/shivamdesai/Desktop/rover/ros-workspace/devel/share/roseus/ros/ublox_msgs/msg/NavHPPOSLLH.l
Symlinking /home/shivamdesai/Desktop/rover/ros-workspace/devel/share/roseus/ros/ublox_msgs/msg/NavHPPOSECEF.l
Symlinking /home/shivamdesai/Desktop/rover/ros-workspace/devel/share/roseus/ros/ublox_msgs/msg/RxmSFRB.l
Symlinking /home/shivamdesai/Desktop/rover/ros-workspace/devel/share/roseus/ros/ublox_msgs/msg/AidALM.l
Symlinking /home/shivamdesai/Desktop/rover/ros-workspace/devel/share/roseus/ros/ublox_msgs/msg/CfgRST.l
Symlinking /home/shivamdesai/Desktop/rover/ros-workspace/devel/share/roseus/ros/ublox_msgs/msg/MgaGAL.l
Symlinking /home/shivamdesai/Desktop/rover/ros-workspace/devel/share/roseus/ros/ublox_msgs/msg/TimTM2.l
Symlinking /home/shivamdesai/Desktop/rover/ros-workspace/devel/share/roseus/ros/ublox_msgs/msg/NavATT.l
Symlinking /home/shivamdesai/Desktop/rover/ros-workspace/devel/share/roseus/ros/ublox_msgs/msg/NavVELECEF.l
Symlinking /home/shivamdesai/Desktop/rover/ros-workspace/devel/share/roseus/ros/ublox_msgs/msg/CfgUSB.l
Symlinking /home/shivamdesai/Desktop/rover/ros-workspace/devel/share/roseus/ros/ublox_msgs/msg/CfgNMEA7.l
Symlinking /home/shivamdesai/Desktop/rover/ros-workspace/devel/share/roseus/ros/ublox_msgs/msg/CfgGNSS.l
Symlinking /home/shivamdesai/Desktop/rover/ros-workspace/devel/share/roseus/ros/ublox_msgs/msg/NavTIMEGPS.l
Symlinking /home/shivamdesai/Desktop/rover/ros-workspace/devel/share/roseus/ros/ublox_msgs/msg/RxmSVSI_SV.l
Symlinking /home/shivamdesai/Desktop/rover/ros-workspace/devel/share/roseus/ros/ublox_msgs/msg/CfgINF.l
Symlinking /home/shivamdesai/Desktop/rover/ros-workspace/devel/share/roseus/ros/ublox_msgs/msg/NavTIMEUTC.l
Symlinking /home/shivamdesai/Desktop/rover/ros-workspace/devel/share/roseus/ros/ublox_msgs/msg/RxmEPH.l
Symlinking /home/shivamdesai/Desktop/rover/ros-workspace/devel/share/roseus/ros/ublox_msgs/msg/MonHW6.l
Symlinking /home/shivamdesai/Desktop/rover/ros-workspace/devel/share/roseus/ros/ublox_msgs/msg/CfgDAT.l
Symlinking /home/shivamdesai/Desktop/rover/ros-workspace/devel/share/roseus/ros/ublox_msgs/msg/NavDOP.l
Symlinking /home/shivamdesai/Desktop/rover/ros-workspace/devel/share/roseus/ros/ublox_msgs/msg/Inf.l
Symlinking /home/shivamdesai/Desktop/rover/ros-workspace/devel/share/roseus/ros/ublox_msgs/msg/NavDGPS_SV.l
Symlinking /home/shivamdesai/Desktop/rover/ros-workspace/devel/share/roseus/ros/ublox_msgs/msg/CfgHNR.l
Symlinking /home/shivamdesai/Desktop/rover/ros-workspace/devel/share/roseus/ros/ublox_msgs/msg/AidEPH.l
Symlinking /home/shivamdesai/Desktop/rover/ros-workspace/devel/share/roseus/ros/ublox_msgs/msg/HnrPVT.l
Symlinking /home/shivamdesai/Desktop/rover/ros-workspace/devel/share/roseus/ros/ublox_msgs/msg/NavSVINFO_SV.l
Symlinking /home/shivamdesai/Desktop/rover/ros-workspace/devel/share/roseus/ros/ublox_msgs/msg/NavPVT7.l
Symlinking /home/shivamdesai/Desktop/rover/ros-workspace/devel/share/roseus/ros/ublox_msgs/msg/RxmRAW_SV.l
Symlinking /home/shivamdesai/Desktop/rover/ros-workspace/devel/share/roseus/ros/ublox_msgs/msg/UpdSOS.l
Symlinking /home/shivamdesai/Desktop/rover/ros-workspace/devel/lib/libublox_msgs.so
Symlinking /home/shivamdesai/Desktop/rover/ros-workspace/devel/lib/python2.7/dist-packages/ublox_msgs/__init__.py
Symlinking /home/shivamdesai/Desktop/rover/ros-workspace/devel/lib/python2.7/dist-packages/ublox_msgs/msg/_EsfRAW_Block.py
Symlinking /home/shivamdesai/Desktop/rover/ros-workspace/devel/lib/python2.7/dist-packages/ublox_msgs/msg/_RxmEPH.py
Symlinking /home/shivamdesai/Desktop/rover/ros-workspace/devel/lib/python2.7/dist-packages/ublox_msgs/msg/_MonHW.py
Symlinking /home/shivamdesai/Desktop/rover/ros-workspace/devel/lib/python2.7/dist-packages/ublox_msgs/msg/_NavPVT7.py
Symlinking /home/shivamdesai/Desktop/rover/ros-workspace/devel/lib/python2.7/dist-packages/ublox_msgs/msg/_RxmRAWX.py
Symlinking /home/shivamdesai/Desktop/rover/ros-workspace/devel/lib/python2.7/dist-packages/ublox_msgs/msg/_NavHPPOSECEF.py
Symlinking /home/shivamdesai/Desktop/rover/ros-workspace/devel/lib/python2.7/dist-packages/ublox_msgs/msg/_CfgNAVX5.py
Symlinking /home/shivamdesai/Desktop/rover/ros-workspace/devel/lib/python2.7/dist-packages/ublox_msgs/msg/_EsfMEAS.py
Symlinking /home/shivamdesai/Desktop/rover/ros-workspace/devel/lib/python2.7/dist-packages/ublox_msgs/msg/_NavDOP.py
Symlinking /home/shivamdesai/Desktop/rover/ros-workspace/devel/lib/python2.7/dist-packages/ublox_msgs/msg/_NavSVINFO_SV.py
Symlinking /home/shivamdesai/Desktop/rover/ros-workspace/devel/lib/python2.7/dist-packages/ublox_msgs/msg/_NavVELNED.py
Symlinking /home/shivamdesai/Desktop/rover/ros-workspace/devel/lib/python2.7/dist-packages/ublox_msgs/msg/_CfgINF.py
Symlinking /home/shivamdesai/Desktop/rover/ros-workspace/devel/lib/python2.7/dist-packages/ublox_msgs/msg/__init__.py
Symlinking /home/shivamdesai/Desktop/rover/ros-workspace/devel/lib/python2.7/dist-packages/ublox_msgs/msg/_MgaGAL.py
Symlinking /home/shivamdesai/Desktop/rover/ros-workspace/devel/lib/python2.7/dist-packages/ublox_msgs/msg/_NavSBAS.py
Symlinking /home/shivamdesai/Desktop/rover/ros-workspace/devel/lib/python2.7/dist-packages/ublox_msgs/msg/_CfgGNSS.py
Symlinking /home/shivamdesai/Desktop/rover/ros-workspace/devel/lib/python2.7/dist-packages/ublox_msgs/msg/_NavPOSLLH.py
Symlinking /home/shivamdesai/Desktop/rover/ros-workspace/devel/lib/python2.7/dist-packages/ublox_msgs/msg/_RxmRAW_SV.py
Symlinking /home/shivamdesai/Desktop/rover/ros-workspace/devel/lib/python2.7/dist-packages/ublox_msgs/msg/_HnrPVT.py
Symlinking /home/shivamdesai/Desktop/rover/ros-workspace/devel/lib/python2.7/dist-packages/ublox_msgs/msg/_NavATT.py
Symlinking /home/shivamdesai/Desktop/rover/ros-workspace/devel/lib/python2.7/dist-packages/ublox_msgs/msg/_CfgNMEA.py
Symlinking /home/shivamdesai/Desktop/rover/ros-workspace/devel/lib/python2.7/dist-packages/ublox_msgs/msg/_MonGNSS.py
Symlinking /home/shivamdesai/Desktop/rover/ros-workspace/devel/lib/python2.7/dist-packages/ublox_msgs/msg/_NavPOSECEF.py
Symlinking /home/shivamdesai/Desktop/rover/ros-workspace/devel/lib/python2.7/dist-packages/ublox_msgs/msg/_RxmRAWX_Meas.py
Symlinking /home/shivamdesai/Desktop/rover/ros-workspace/devel/lib/python2.7/dist-packages/ublox_msgs/msg/_CfgSBAS.py
Symlinking /home/shivamdesai/Desktop/rover/ros-workspace/devel/lib/python2.7/dist-packages/ublox_msgs/msg/_RxmSFRBX.py
Symlinking /home/shivamdesai/Desktop/rover/ros-workspace/devel/lib/python2.7/dist-packages/ublox_msgs/msg/_MonHW6.py
Symlinking /home/shivamdesai/Desktop/rover/ros-workspace/devel/lib/python2.7/dist-packages/ublox_msgs/msg/_CfgNMEA6.py
Symlinking /home/shivamdesai/Desktop/rover/ros-workspace/devel/lib/python2.7/dist-packages/ublox_msgs/msg/_NavRELPOSNED9.py
Symlinking /home/shivamdesai/Desktop/rover/ros-workspace/devel/lib/python2.7/dist-packages/ublox_msgs/msg/_RxmALM.py
Symlinking /home/shivamdesai/Desktop/rover/ros-workspace/devel/lib/python2.7/dist-packages/ublox_msgs/msg/_CfgINF_Block.py
Symlinking /home/shivamdesai/Desktop/rover/ros-workspace/devel/lib/python2.7/dist-packages/ublox_msgs/msg/_CfgRST.py
Symlinking /home/shivamdesai/Desktop/rover/ros-workspace/devel/lib/python2.7/dist-packages/ublox_msgs/msg/_UpdSOS.py
Symlinking /home/shivamdesai/Desktop/rover/ros-workspace/devel/lib/python2.7/dist-packages/ublox_msgs/msg/_RxmRAW.py
Symlinking /home/shivamdesai/Desktop/rover/ros-workspace/devel/lib/python2.7/dist-packages/ublox_msgs/msg/_TimTM2.py
Symlinking /home/shivamdesai/Desktop/rover/ros-workspace/devel/lib/python2.7/dist-packages/ublox_msgs/msg/_NavCLOCK.py
Symlinking /home/shivamdesai/Desktop/rover/ros-workspace/devel/lib/python2.7/dist-packages/ublox_msgs/msg/_CfgANT.py
Symlinking /home/shivamdesai/Desktop/rover/ros-workspace/devel/lib/python2.7/dist-packages/ublox_msgs/msg/_CfgNAV5.py
Symlinking /home/shivamdesai/Desktop/rover/ros-workspace/devel/lib/python2.7/dist-packages/ublox_msgs/msg/_CfgMSG.py
Symlinking /home/shivamdesai/Desktop/rover/ros-workspace/devel/lib/python2.7/dist-packages/ublox_msgs/msg/_AidALM.py
Symlinking /home/shivamdesai/Desktop/rover/ros-workspace/devel/lib/python2.7/dist-packages/ublox_msgs/msg/_NavRELPOSNED.py
Symlinking /home/shivamdesai/Desktop/rover/ros-workspace/devel/lib/python2.7/dist-packages/ublox_msgs/msg/_Ack.py
Symlinking /home/shivamdesai/Desktop/rover/ros-workspace/devel/lib/python2.7/dist-packages/ublox_msgs/msg/_NavPVT.py
Symlinking /home/shivamdesai/Desktop/rover/ros-workspace/devel/lib/python2.7/dist-packages/ublox_msgs/msg/_NavVELECEF.py
Symlinking /home/shivamdesai/Desktop/rover/ros-workspace/devel/lib/python2.7/dist-packages/ublox_msgs/msg/_CfgPRT.py
Symlinking /home/shivamdesai/Desktop/rover/ros-workspace/devel/lib/python2.7/dist-packages/ublox_msgs/msg/_RxmSVSI.py
Symlinking /home/shivamdesai/Desktop/rover/ros-workspace/devel/lib/python2.7/dist-packages/ublox_msgs/msg/_NavSVIN.py
Symlinking /home/shivamdesai/Desktop/rover/ros-workspace/devel/lib/python2.7/dist-packages/ublox_msgs/msg/_NavDGPS.py
Symlinking /home/shivamdesai/Desktop/rover/ros-workspace/devel/lib/python2.7/dist-packages/ublox_msgs/msg/_CfgGNSS_Block.py
Symlinking /home/shivamdesai/Desktop/rover/ros-workspace/devel/lib/python2.7/dist-packages/ublox_msgs/msg/_CfgNMEA7.py
Symlinking /home/shivamdesai/Desktop/rover/ros-workspace/devel/lib/python2.7/dist-packages/ublox_msgs/msg/_MonVER_Extension.py
Symlinking /home/shivamdesai/Desktop/rover/ros-workspace/devel/lib/python2.7/dist-packages/ublox_msgs/msg/_CfgDGNSS.py
Symlinking /home/shivamdesai/Desktop/rover/ros-workspace/devel/lib/python2.7/dist-packages/ublox_msgs/msg/_CfgUSB.py
Symlinking /home/shivamdesai/Desktop/rover/ros-workspace/devel/lib/python2.7/dist-packages/ublox_msgs/msg/_RxmRTCM.py
Symlinking /home/shivamdesai/Desktop/rover/ros-workspace/devel/lib/python2.7/dist-packages/ublox_msgs/msg/_CfgHNR.py
Symlinking /home/shivamdesai/Desktop/rover/ros-workspace/devel/lib/python2.7/dist-packages/ublox_msgs/msg/_RxmSVSI_SV.py
Symlinking /home/shivamdesai/Desktop/rover/ros-workspace/devel/lib/python2.7/dist-packages/ublox_msgs/msg/_CfgRATE.py
Symlinking /home/shivamdesai/Desktop/rover/ros-workspace/devel/lib/python2.7/dist-packages/ublox_msgs/msg/_MonVER.py
Symlinking /home/shivamdesai/Desktop/rover/ros-workspace/devel/lib/python2.7/dist-packages/ublox_msgs/msg/_EsfRAW.py
Symlinking /home/shivamdesai/Desktop/rover/ros-workspace/devel/lib/python2.7/dist-packages/ublox_msgs/msg/_NavSOL.py
Symlinking /home/shivamdesai/Desktop/rover/ros-workspace/devel/lib/python2.7/dist-packages/ublox_msgs/msg/_NavSAT_SV.py
Symlinking /home/shivamdesai/Desktop/rover/ros-workspace/devel/lib/python2.7/dist-packages/ublox_msgs/msg/_NavTIMEUTC.py
Symlinking /home/shivamdesai/Desktop/rover/ros-workspace/devel/lib/python2.7/dist-packages/ublox_msgs/msg/_CfgCFG.py
Symlinking /home/shivamdesai/Desktop/rover/ros-workspace/devel/lib/python2.7/dist-packages/ublox_msgs/msg/_CfgTMODE3.py
Symlinking /home/shivamdesai/Desktop/rover/ros-workspace/devel/lib/python2.7/dist-packages/ublox_msgs/msg/_EsfSTATUS_Sens.py
Symlinking /home/shivamdesai/Desktop/rover/ros-workspace/devel/lib/python2.7/dist-packages/ublox_msgs/msg/_NavDGPS_SV.py
Symlinking /home/shivamdesai/Desktop/rover/ros-workspace/devel/lib/python2.7/dist-packages/ublox_msgs/msg/_UpdSOS_Ack.py
Symlinking /home/shivamdesai/Desktop/rover/ros-workspace/devel/lib/python2.7/dist-packages/ublox_msgs/msg/_EsfSTATUS.py
Symlinking /home/shivamdesai/Desktop/rover/ros-workspace/devel/lib/python2.7/dist-packages/ublox_msgs/msg/_NavTIMEGPS.py
Symlinking /home/shivamdesai/Desktop/rover/ros-workspace/devel/lib/python2.7/dist-packages/ublox_msgs/msg/_EsfINS.py
Symlinking /home/shivamdesai/Desktop/rover/ros-workspace/devel/lib/python2.7/dist-packages/ublox_msgs/msg/_AidHUI.py
Symlinking /home/shivamdesai/Desktop/rover/ros-workspace/devel/lib/python2.7/dist-packages/ublox_msgs/msg/_NavHPPOSLLH.py
Symlinking /home/shivamdesai/Desktop/rover/ros-workspace/devel/lib/python2.7/dist-packages/ublox_msgs/msg/_RxmSFRB.py
Symlinking /home/shivamdesai/Desktop/rover/ros-workspace/devel/lib/python2.7/dist-packages/ublox_msgs/msg/_AidEPH.py
Symlinking /home/shivamdesai/Desktop/rover/ros-workspace/devel/lib/python2.7/dist-packages/ublox_msgs/msg/_Inf.py
Symlinking /home/shivamdesai/Desktop/rover/ros-workspace/devel/lib/python2.7/dist-packages/ublox_msgs/msg/_CfgDAT.py
Symlinking /home/shivamdesai/Desktop/rover/ros-workspace/devel/lib/python2.7/dist-packages/ublox_msgs/msg/_NavSAT.py
Symlinking /home/shivamdesai/Desktop/rover/ros-workspace/devel/lib/python2.7/dist-packages/ublox_msgs/msg/_NavSTATUS.py
Symlinking /home/shivamdesai/Desktop/rover/ros-workspace/devel/lib/python2.7/dist-packages/ublox_msgs/msg/_NavSBAS_SV.py
Symlinking /home/shivamdesai/Desktop/rover/ros-workspace/devel/lib/python2.7/dist-packages/ublox_msgs/msg/_NavSVINFO.py
Symlinking /home/shivamdesai/Desktop/rover/ros-workspace/devel/lib/pkgconfig/ublox_msgs.pc
